2017-07-01 11:18:36.413 [main] INFO  a00904649.Bcmc - 2017-07-01T18:18:36.088Z
2017-07-01 11:18:36.465 [main] INFO  a00904649.Bcmc - Bcmc created
2017-07-01 11:18:36.472 [main] DEBUG a00904649.BcmcOption - Bcmc Options created
2017-07-01 11:18:36.478 [main] DEBUG a00904649.io.CustomerReader - Reading customer data from customers.dat
2017-07-01 11:18:36.490 [main] DEBUG a00904649.io.CustomerReader - Customers with ID 3997 created
2017-07-01 11:18:36.491 [main] DEBUG a00904649.io.CustomerReader - Customers with ID 2540 created
2017-07-01 11:18:36.491 [main] DEBUG a00904649.io.CustomerReader - Customers with ID 1824 created
2017-07-01 11:18:36.492 [main] DEBUG a00904649.io.CustomerReader - Customers with ID 4653 created
2017-07-01 11:18:36.492 [main] DEBUG a00904649.io.CustomerReader - Customers with ID 3947 created
2017-07-01 11:18:36.492 [main] DEBUG a00904649.io.CustomerReader - Customers were added to ArrayList
2017-07-01 11:18:36.507 [main] INFO  a00904649.io.CustomerReport - Customer report created and displayed
2017-07-01 11:18:36.509 [main] INFO  a00904649.io.CustomerReport - customers_report.txt created
2017-07-01 11:18:36.514 [main] DEBUG a00904649.io.InventoryReader - Reading inventory data from inventory.dat
2017-07-01 11:18:36.518 [main] DEBUG a00904649.io.InventoryReader - Inventory with part number 7129907049 created
2017-07-01 11:18:36.518 [main] DEBUG a00904649.io.InventoryReader - Inventory with part number 7129907050 created
2017-07-01 11:18:36.518 [main] DEBUG a00904649.io.InventoryReader - Inventory with part number 1277702426 created
2017-07-01 11:18:36.518 [main] DEBUG a00904649.io.InventoryReader - Inventory with part number 7147202359 created
2017-07-01 11:18:36.518 [main] DEBUG a00904649.io.InventoryReader - Inventory with part number 1277690501 created
2017-07-01 11:18:36.518 [main] DEBUG a00904649.io.InventoryReader - Inventory with part number 7727706466 created
2017-07-01 11:18:36.518 [main] DEBUG a00904649.io.InventoryReader - Inventory with part number 7727678299 created
2017-07-01 11:18:36.518 [main] DEBUG a00904649.io.InventoryReader - Inventory with part number 6628526813 created
2017-07-01 11:18:36.518 [main] DEBUG a00904649.io.InventoryReader - Inventory with part number 6628526814 created
2017-07-01 11:18:36.518 [main] DEBUG a00904649.io.InventoryReader - Inventory with part number 7727686588 created
2017-07-01 11:18:36.518 [main] DEBUG a00904649.io.InventoryReader - Inventory with part number 6627711971 created
2017-07-01 11:18:36.518 [main] DEBUG a00904649.io.InventoryReader - Inventory with part number 1277722182 created
2017-07-01 11:18:36.518 [main] DEBUG a00904649.io.InventoryReader - Inventory with part number 32727678100 created
2017-07-01 11:18:36.518 [main] DEBUG a00904649.io.InventoryReader - Inventory with part number 1427653150 created
2017-07-01 11:18:36.518 [main] DEBUG a00904649.io.InventoryReader - Inventory with part number 1317690871 created
2017-07-01 11:18:36.518 [main] DEBUG a00904649.io.InventoryReader - Inventory with part number 3217169203 created
2017-07-01 11:18:36.518 [main] DEBUG a00904649.io.InventoryReader - Inventory with part number 3417680761 created
2017-07-01 11:18:36.518 [main] DEBUG a00904649.io.InventoryReader - Inventory with part number 7119901545 created
2017-07-01 11:18:36.518 [main] DEBUG a00904649.io.InventoryReader - Inventory with part number 32728533246 created
2017-07-01 11:18:36.518 [main] DEBUG a00904649.io.InventoryReader - Inventory with part number 1127070202 created
2017-07-01 11:18:36.518 [main] DEBUG a00904649.io.InventoryReader - Inventory with part number 32727705606 created
2017-07-01 11:18:36.519 [main] DEBUG a00904649.io.InventoryReader - Inventory with part number 32728523463 created
2017-07-01 11:18:36.519 [main] DEBUG a00904649.io.InventoryReader - Inventory with part number 6717700591 created
2017-07-01 11:18:36.519 [main] DEBUG a00904649.io.InventoryReader - Inventory with part number 7727689584 created
2017-07-01 11:18:36.519 [main] DEBUG a00904649.io.InventoryReader - Inventory with part number 1247690500 created
2017-07-01 11:18:36.519 [main] DEBUG a00904649.io.InventoryReader - Inventory with part number 1277688360 created
2017-07-01 11:18:36.519 [main] DEBUG a00904649.io.InventoryReader - Inventory with part number 1247688359 created
2017-07-01 11:18:36.519 [main] DEBUG a00904649.io.InventoryReader - Inventory with part number 1248542008 created
2017-07-01 11:18:36.519 [main] DEBUG a00904649.io.InventoryReader - Inventory with part number 1127699594 created
2017-07-01 11:18:36.519 [main] DEBUG a00904649.io.InventoryReader - Inventory with part number 32727678101 created
2017-07-01 11:18:36.519 [main] DEBUG a00904649.io.InventoryReader - Inventory with part number 32727673989 created
2017-07-01 11:18:36.519 [main] DEBUG a00904649.io.InventoryReader - Inventory with part number 6147693055 created
2017-07-01 11:18:36.519 [main] DEBUG a00904649.io.InventoryReader - Inventory with part number 6147708313 created
2017-07-01 11:18:36.519 [main] DEBUG a00904649.io.InventoryReader - Inventory with part number 1117653180 created
2017-07-01 11:18:36.519 [main] DEBUG a00904649.io.InventoryReader - Inventory with part number 32722333066 created
2017-07-01 11:18:36.519 [main] DEBUG a00904649.io.InventoryReader - Inventory with part number 6637659955 created
2017-07-01 11:18:36.519 [main] DEBUG a00904649.io.InventoryReader - Inventory with part number 6718534960 created
2017-07-01 11:18:36.519 [main] DEBUG a00904649.io.InventoryReader - Inventory with part number 6718534959 created
2017-07-01 11:18:36.520 [main] DEBUG a00904649.io.InventoryReader - Inventory with part number 6717700913 created
2017-07-01 11:18:36.520 [main] DEBUG a00904649.io.InventoryReader - Inventory with part number 6717700914 created
2017-07-01 11:18:36.520 [main] DEBUG a00904649.io.InventoryReader - Inventory with part number 6147723935 created
2017-07-01 11:18:36.520 [main] DEBUG a00904649.io.InventoryReader - Inventory with part number 6148523262 created
2017-07-01 11:18:36.520 [main] DEBUG a00904649.io.InventoryReader - Inventory with part number 6117677883 created
2017-07-01 11:18:36.520 [main] DEBUG a00904649.io.InventoryReader - Inventory with part number 1538524136 created
2017-07-01 11:18:36.520 [main] DEBUG a00904649.io.InventoryReader - Inventory with part number 7119904920 created
2017-07-01 11:18:36.520 [main] DEBUG a00904649.io.InventoryReader - Inventory with part number 7217686971 created
2017-07-01 11:18:36.520 [main] DEBUG a00904649.io.InventoryReader - Inventory with part number 1731277848 created
2017-07-01 11:18:36.520 [main] DEBUG a00904649.io.InventoryReader - Inventory with part number 3547709426 created
2017-07-01 11:18:36.520 [main] DEBUG a00904649.io.InventoryReader - Inventory with part number 7129907374 created
2017-07-01 11:18:36.520 [main] DEBUG a00904649.io.InventoryReader - Inventory with part number 7129907375 created
2017-07-01 11:18:36.520 [main] DEBUG a00904649.io.InventoryReader - Inventory with part number 7129905601 created
2017-07-01 11:18:36.520 [main] DEBUG a00904649.io.InventoryReader - Inventory with part number 7129904260 created
2017-07-01 11:18:36.520 [main] DEBUG a00904649.io.InventoryReader - Inventory with part number 7129904261 created
2017-07-01 11:18:36.520 [main] DEBUG a00904649.io.InventoryReader - Inventory with part number 7129906038 created
2017-07-01 11:18:36.520 [main] DEBUG a00904649.io.InventoryReader - Inventory with part number 7129905769 created
2017-07-01 11:18:36.520 [main] DEBUG a00904649.io.InventoryReader - Inventory with part number 7129904700 created
2017-07-01 11:18:36.520 [main] DEBUG a00904649.io.InventoryReader - Inventory with part number 7129903807 created
2017-07-01 11:18:36.520 [main] DEBUG a00904649.io.InventoryReader - Inventory with part number 7129905537 created
2017-07-01 11:18:36.520 [main] DEBUG a00904649.io.InventoryReader - Inventory with part number 3138534351 created
2017-07-01 11:18:36.521 [main] DEBUG a00904649.io.InventoryReader - Inventory with part number 3138534350 created
2017-07-01 11:18:36.521 [main] DEBUG a00904649.io.InventoryReader - Inventory with part number 61317671111 created
2017-07-01 11:18:36.521 [main] DEBUG a00904649.io.InventoryReader - Inventory with part number 1447687378 created
2017-07-01 11:18:36.521 [main] DEBUG a00904649.io.InventoryReader - Inventory with part number 1447687367 created
2017-07-01 11:18:36.521 [main] DEBUG a00904649.io.InventoryReader - Inventory with part number 1117694729 created
2017-07-01 11:18:36.521 [main] DEBUG a00904649.io.InventoryReader - Inventory with part number 1427719357 created
2017-07-01 11:18:36.521 [main] DEBUG a00904649.io.InventoryReader - Inventory with part number 4117672808 created
2017-07-01 11:18:36.521 [main] DEBUG a00904649.io.InventoryReader - Inventory with part number 6717668644 created
2017-07-01 11:18:36.521 [main] DEBUG a00904649.io.InventoryReader - Inventory with part number 5417674080 created
2017-07-01 11:18:36.521 [main] DEBUG a00904649.io.InventoryReader - Inventory with part number 1447687365 created
2017-07-01 11:18:36.521 [main] DEBUG a00904649.io.InventoryReader - Inventory with part number 7727711036 created
2017-07-01 11:18:36.521 [main] DEBUG a00904649.io.InventoryReader - Inventory with part number 6717660163 created
2017-07-01 11:18:36.521 [main] DEBUG a00904649.io.InventoryReader - Inventory with part number 1427677987 created
2017-07-01 11:18:36.521 [main] DEBUG a00904649.io.InventoryReader - Inventory with part number 1412343108 created
2017-07-01 11:18:36.521 [main] DEBUG a00904649.io.InventoryReader - Inventory with part number 7119987611 created
2017-07-01 11:18:36.521 [main] DEBUG a00904649.io.InventoryReader - Inventory with part number 6147713360 created
2017-07-01 11:18:36.521 [main] DEBUG a00904649.io.InventoryReader - Inventory with part number 6116760285 created
2017-07-01 11:18:36.521 [main] DEBUG a00904649.io.InventoryReader - Inventory with part number 1447687368 created
2017-07-01 11:18:36.521 [main] DEBUG a00904649.io.InventoryReader - Inventory with part number 3418522956 created
2017-07-01 11:18:36.521 [main] DEBUG a00904649.io.InventoryReader - Inventory with part number 32727680378 created
2017-07-01 11:18:36.521 [main] DEBUG a00904649.io.InventoryReader - Inventory with part number 7119906189 created
2017-07-01 11:18:36.523 [main] DEBUG a00904649.io.InventoryReader - Inventory with part number 3417688853 created
2017-07-01 11:18:36.523 [main] DEBUG a00904649.io.InventoryReader - Inventory with part number 3417689019 created
2017-07-01 11:18:36.523 [main] DEBUG a00904649.io.InventoryReader - Inventory with part number 32727673990 created
2017-07-01 11:18:36.523 [main] DEBUG a00904649.io.InventoryReader - Inventory with part number 1427677988 created
2017-07-01 11:18:36.523 [main] DEBUG a00904649.io.InventoryReader - Inventory with part number 7127696377 created
2017-07-01 11:18:36.523 [main] DEBUG a00904649.io.InventoryReader - Inventory with part number 1427653149 created
2017-07-01 11:18:36.523 [main] DEBUG a00904649.io.InventoryReader - Inventory with part number 6712330765 created
2017-07-01 11:18:36.523 [main] DEBUG a00904649.io.InventoryReader - Inventory with part number 6147708314 created
2017-07-01 11:18:36.523 [main] DEBUG a00904649.io.InventoryReader - Inventory with part number 6141182903 created
2017-07-01 11:18:36.523 [main] DEBUG a00904649.io.InventoryReader - Inventory with part number 3838521719 created
2017-07-01 11:18:36.523 [main] DEBUG a00904649.io.InventoryReader - Inventory with part number 2317707433 created
2017-07-01 11:18:36.523 [main] DEBUG a00904649.io.InventoryReader - Inventory with part number 3007690404 created
2017-07-01 11:18:36.523 [main] DEBUG a00904649.io.InventoryReader - Inventory with part number 3138534352 created
2017-07-01 11:18:36.523 [main] DEBUG a00904649.io.InventoryReader - Inventory with part number 3138534353 created
2017-07-01 11:18:36.523 [main] DEBUG a00904649.io.InventoryReader - Inventory with part number 1312346550 created
2017-07-01 11:18:36.524 [main] DEBUG a00904649.io.InventoryReader - Inventory with part number 7727706469 created
2017-07-01 11:18:36.524 [main] DEBUG a00904649.io.InventoryReader - Inventory with part number 7119907030 created
2017-07-01 11:18:36.524 [main] DEBUG a00904649.io.InventoryReader - Inventory with part number 7119904164 created
2017-07-01 11:18:36.524 [main] DEBUG a00904649.io.InventoryReader - Inventory with part number 1272343243 created
2017-07-01 11:18:36.524 [main] DEBUG a00904649.io.InventoryReader - Inventory items added to ArrayList
2017-07-01 11:18:36.555 [main] INFO  a00904649.io.InventoryReport - Inventory report created and displayed
2017-07-01 11:18:36.569 [main] INFO  a00904649.io.InventoryReport - inventory_report.txt created
2017-07-01 11:18:36.574 [main] DEBUG a00904649.io.ServiceReader - Reading Service data from motorcycles.dat
2017-07-01 11:18:36.577 [main] DEBUG a00904649.io.ServiceReader - Service data with model name Tiger created
2017-07-01 11:18:36.577 [main] DEBUG a00904649.io.ServiceReader - Service data with model name Bolt created
2017-07-01 11:18:36.578 [main] DEBUG a00904649.io.ServiceReader - Service data with model name CB1100 created
2017-07-01 11:18:36.578 [main] DEBUG a00904649.io.ServiceReader - Service data with model name R75/5 created
2017-07-01 11:18:36.578 [main] DEBUG a00904649.io.ServiceReader - Service data with model name Sportster created
2017-07-01 11:18:36.578 [main] DEBUG a00904649.io.ServiceReader - Service data with model name V-Strom 1000 created
2017-07-01 11:18:36.578 [main] DEBUG a00904649.io.ServiceReader - Service data with model name Monster 696 created
2017-07-01 11:18:36.578 [main] DEBUG a00904649.io.ServiceReader - Service data were added to ArrayList
2017-07-01 11:18:36.578 [main] DEBUG a00904649.io.CustomerReader - Reading customer data from customers.dat
2017-07-01 11:18:36.578 [main] DEBUG a00904649.io.CustomerReader - Customers with ID 3997 created
2017-07-01 11:18:36.579 [main] DEBUG a00904649.io.CustomerReader - Customers with ID 2540 created
2017-07-01 11:18:36.579 [main] DEBUG a00904649.io.CustomerReader - Customers with ID 1824 created
2017-07-01 11:18:36.579 [main] DEBUG a00904649.io.CustomerReader - Customers with ID 4653 created
2017-07-01 11:18:36.579 [main] DEBUG a00904649.io.CustomerReader - Customers with ID 3947 created
2017-07-01 11:18:36.580 [main] DEBUG a00904649.io.CustomerReader - Customers were added to ArrayList
2017-07-01 11:18:36.585 [main] INFO  a00904649.io.ServiceReport - Service report created and displayed
2017-07-01 11:18:36.586 [main] INFO  a00904649.io.ServiceReport - service_report.txt created
2017-07-01 11:18:36.586 [main] INFO  a00904649.Bcmc - 2017-07-01T18:18:36.586Z
2017-07-01 11:18:36.586 [main] INFO  a00904649.Bcmc - Duration: 498 ms
2017-07-01 11:19:07.802 [main] INFO  a00904649.Bcmc - 2017-07-01T18:19:07.473Z
2017-07-01 11:19:07.850 [main] INFO  a00904649.Bcmc - Bcmc created
2017-07-01 11:19:07.854 [main] DEBUG a00904649.BcmcOption - Bcmc Options created
2017-07-01 11:19:07.856 [main] DEBUG a00904649.io.CustomerReader - Reading customer data from customers.dat
2017-07-01 11:19:07.860 [main] DEBUG a00904649.io.CustomerReader - Customers with ID 3997 created
2017-07-01 11:19:07.861 [main] DEBUG a00904649.io.CustomerReader - Customers with ID 2540 created
2017-07-01 11:19:07.861 [main] DEBUG a00904649.io.CustomerReader - Customers with ID 1824 created
2017-07-01 11:19:07.861 [main] DEBUG a00904649.io.CustomerReader - Customers with ID 4653 created
2017-07-01 11:19:07.862 [main] DEBUG a00904649.io.CustomerReader - Customers with ID 3947 created
2017-07-01 11:19:07.862 [main] DEBUG a00904649.io.CustomerReader - Customers were added to ArrayList
2017-07-01 11:19:07.870 [main] INFO  a00904649.io.CustomerReport - Customer report created and displayed
2017-07-01 11:19:07.873 [main] INFO  a00904649.io.CustomerReport - customers_report.txt created
2017-07-01 11:19:07.874 [main] DEBUG a00904649.io.InventoryReader - Reading inventory data from inventory.dat
2017-07-01 11:19:07.875 [main] DEBUG a00904649.io.InventoryReader - Inventory with part number 7129907049 created
2017-07-01 11:19:07.875 [main] DEBUG a00904649.io.InventoryReader - Inventory with part number 7129907050 created
2017-07-01 11:19:07.875 [main] DEBUG a00904649.io.InventoryReader - Inventory with part number 1277702426 created
2017-07-01 11:19:07.875 [main] DEBUG a00904649.io.InventoryReader - Inventory with part number 7147202359 created
2017-07-01 11:19:07.875 [main] DEBUG a00904649.io.InventoryReader - Inventory with part number 1277690501 created
2017-07-01 11:19:07.875 [main] DEBUG a00904649.io.InventoryReader - Inventory with part number 7727706466 created
2017-07-01 11:19:07.875 [main] DEBUG a00904649.io.InventoryReader - Inventory with part number 7727678299 created
2017-07-01 11:19:07.875 [main] DEBUG a00904649.io.InventoryReader - Inventory with part number 6628526813 created
2017-07-01 11:19:07.875 [main] DEBUG a00904649.io.InventoryReader - Inventory with part number 6628526814 created
2017-07-01 11:19:07.875 [main] DEBUG a00904649.io.InventoryReader - Inventory with part number 7727686588 created
2017-07-01 11:19:07.875 [main] DEBUG a00904649.io.InventoryReader - Inventory with part number 6627711971 created
2017-07-01 11:19:07.875 [main] DEBUG a00904649.io.InventoryReader - Inventory with part number 1277722182 created
2017-07-01 11:19:07.875 [main] DEBUG a00904649.io.InventoryReader - Inventory with part number 32727678100 created
2017-07-01 11:19:07.875 [main] DEBUG a00904649.io.InventoryReader - Inventory with part number 1427653150 created
2017-07-01 11:19:07.875 [main] DEBUG a00904649.io.InventoryReader - Inventory with part number 1317690871 created
2017-07-01 11:19:07.876 [main] DEBUG a00904649.io.InventoryReader - Inventory with part number 3217169203 created
2017-07-01 11:19:07.876 [main] DEBUG a00904649.io.InventoryReader - Inventory with part number 3417680761 created
2017-07-01 11:19:07.876 [main] DEBUG a00904649.io.InventoryReader - Inventory with part number 7119901545 created
2017-07-01 11:19:07.876 [main] DEBUG a00904649.io.InventoryReader - Inventory with part number 32728533246 created
2017-07-01 11:19:07.876 [main] DEBUG a00904649.io.InventoryReader - Inventory with part number 1127070202 created
2017-07-01 11:19:07.876 [main] DEBUG a00904649.io.InventoryReader - Inventory with part number 32727705606 created
2017-07-01 11:19:07.876 [main] DEBUG a00904649.io.InventoryReader - Inventory with part number 32728523463 created
2017-07-01 11:19:07.876 [main] DEBUG a00904649.io.InventoryReader - Inventory with part number 6717700591 created
2017-07-01 11:19:07.876 [main] DEBUG a00904649.io.InventoryReader - Inventory with part number 7727689584 created
2017-07-01 11:19:07.876 [main] DEBUG a00904649.io.InventoryReader - Inventory with part number 1247690500 created
2017-07-01 11:19:07.876 [main] DEBUG a00904649.io.InventoryReader - Inventory with part number 1277688360 created
2017-07-01 11:19:07.876 [main] DEBUG a00904649.io.InventoryReader - Inventory with part number 1247688359 created
2017-07-01 11:19:07.876 [main] DEBUG a00904649.io.InventoryReader - Inventory with part number 1248542008 created
2017-07-01 11:19:07.876 [main] DEBUG a00904649.io.InventoryReader - Inventory with part number 1127699594 created
2017-07-01 11:19:07.876 [main] DEBUG a00904649.io.InventoryReader - Inventory with part number 32727678101 created
2017-07-01 11:19:07.876 [main] DEBUG a00904649.io.InventoryReader - Inventory with part number 32727673989 created
2017-07-01 11:19:07.876 [main] DEBUG a00904649.io.InventoryReader - Inventory with part number 6147693055 created
2017-07-01 11:19:07.876 [main] DEBUG a00904649.io.InventoryReader - Inventory with part number 6147708313 created
2017-07-01 11:19:07.876 [main] DEBUG a00904649.io.InventoryReader - Inventory with part number 1117653180 created
2017-07-01 11:19:07.876 [main] DEBUG a00904649.io.InventoryReader - Inventory with part number 32722333066 created
2017-07-01 11:19:07.876 [main] DEBUG a00904649.io.InventoryReader - Inventory with part number 6637659955 created
2017-07-01 11:19:07.877 [main] DEBUG a00904649.io.InventoryReader - Inventory with part number 6718534960 created
2017-07-01 11:19:07.877 [main] DEBUG a00904649.io.InventoryReader - Inventory with part number 6718534959 created
2017-07-01 11:19:07.877 [main] DEBUG a00904649.io.InventoryReader - Inventory with part number 6717700913 created
2017-07-01 11:19:07.877 [main] DEBUG a00904649.io.InventoryReader - Inventory with part number 6717700914 created
2017-07-01 11:19:07.877 [main] DEBUG a00904649.io.InventoryReader - Inventory with part number 6147723935 created
2017-07-01 11:19:07.877 [main] DEBUG a00904649.io.InventoryReader - Inventory with part number 6148523262 created
2017-07-01 11:19:07.877 [main] DEBUG a00904649.io.InventoryReader - Inventory with part number 6117677883 created
2017-07-01 11:19:07.877 [main] DEBUG a00904649.io.InventoryReader - Inventory with part number 1538524136 created
2017-07-01 11:19:07.877 [main] DEBUG a00904649.io.InventoryReader - Inventory with part number 7119904920 created
2017-07-01 11:19:07.877 [main] DEBUG a00904649.io.InventoryReader - Inventory with part number 7217686971 created
2017-07-01 11:19:07.877 [main] DEBUG a00904649.io.InventoryReader - Inventory with part number 1731277848 created
2017-07-01 11:19:07.877 [main] DEBUG a00904649.io.InventoryReader - Inventory with part number 3547709426 created
2017-07-01 11:19:07.877 [main] DEBUG a00904649.io.InventoryReader - Inventory with part number 7129907374 created
2017-07-01 11:19:07.877 [main] DEBUG a00904649.io.InventoryReader - Inventory with part number 7129907375 created
2017-07-01 11:19:07.877 [main] DEBUG a00904649.io.InventoryReader - Inventory with part number 7129905601 created
2017-07-01 11:19:07.877 [main] DEBUG a00904649.io.InventoryReader - Inventory with part number 7129904260 created
2017-07-01 11:19:07.877 [main] DEBUG a00904649.io.InventoryReader - Inventory with part number 7129904261 created
2017-07-01 11:19:07.877 [main] DEBUG a00904649.io.InventoryReader - Inventory with part number 7129906038 created
2017-07-01 11:19:07.877 [main] DEBUG a00904649.io.InventoryReader - Inventory with part number 7129905769 created
2017-07-01 11:19:07.877 [main] DEBUG a00904649.io.InventoryReader - Inventory with part number 7129904700 created
2017-07-01 11:19:07.878 [main] DEBUG a00904649.io.InventoryReader - Inventory with part number 7129903807 created
2017-07-01 11:19:07.878 [main] DEBUG a00904649.io.InventoryReader - Inventory with part number 7129905537 created
2017-07-01 11:19:07.878 [main] DEBUG a00904649.io.InventoryReader - Inventory with part number 3138534351 created
2017-07-01 11:19:07.878 [main] DEBUG a00904649.io.InventoryReader - Inventory with part number 3138534350 created
2017-07-01 11:19:07.878 [main] DEBUG a00904649.io.InventoryReader - Inventory with part number 61317671111 created
2017-07-01 11:19:07.878 [main] DEBUG a00904649.io.InventoryReader - Inventory with part number 1447687378 created
2017-07-01 11:19:07.878 [main] DEBUG a00904649.io.InventoryReader - Inventory with part number 1447687367 created
2017-07-01 11:19:07.878 [main] DEBUG a00904649.io.InventoryReader - Inventory with part number 1117694729 created
2017-07-01 11:19:07.878 [main] DEBUG a00904649.io.InventoryReader - Inventory with part number 1427719357 created
2017-07-01 11:19:07.878 [main] DEBUG a00904649.io.InventoryReader - Inventory with part number 4117672808 created
2017-07-01 11:19:07.878 [main] DEBUG a00904649.io.InventoryReader - Inventory with part number 6717668644 created
2017-07-01 11:19:07.878 [main] DEBUG a00904649.io.InventoryReader - Inventory with part number 5417674080 created
2017-07-01 11:19:07.878 [main] DEBUG a00904649.io.InventoryReader - Inventory with part number 1447687365 created
2017-07-01 11:19:07.878 [main] DEBUG a00904649.io.InventoryReader - Inventory with part number 7727711036 created
2017-07-01 11:19:07.878 [main] DEBUG a00904649.io.InventoryReader - Inventory with part number 6717660163 created
2017-07-01 11:19:07.878 [main] DEBUG a00904649.io.InventoryReader - Inventory with part number 1427677987 created
2017-07-01 11:19:07.879 [main] DEBUG a00904649.io.InventoryReader - Inventory with part number 1412343108 created
2017-07-01 11:19:07.879 [main] DEBUG a00904649.io.InventoryReader - Inventory with part number 7119987611 created
2017-07-01 11:19:07.879 [main] DEBUG a00904649.io.InventoryReader - Inventory with part number 6147713360 created
2017-07-01 11:19:07.879 [main] DEBUG a00904649.io.InventoryReader - Inventory with part number 6116760285 created
2017-07-01 11:19:07.879 [main] DEBUG a00904649.io.InventoryReader - Inventory with part number 1447687368 created
2017-07-01 11:19:07.879 [main] DEBUG a00904649.io.InventoryReader - Inventory with part number 3418522956 created
2017-07-01 11:19:07.879 [main] DEBUG a00904649.io.InventoryReader - Inventory with part number 32727680378 created
2017-07-01 11:19:07.880 [main] DEBUG a00904649.io.InventoryReader - Inventory with part number 7119906189 created
2017-07-01 11:19:07.880 [main] DEBUG a00904649.io.InventoryReader - Inventory with part number 3417688853 created
2017-07-01 11:19:07.880 [main] DEBUG a00904649.io.InventoryReader - Inventory with part number 3417689019 created
2017-07-01 11:19:07.880 [main] DEBUG a00904649.io.InventoryReader - Inventory with part number 32727673990 created
2017-07-01 11:19:07.880 [main] DEBUG a00904649.io.InventoryReader - Inventory with part number 1427677988 created
2017-07-01 11:19:07.881 [main] DEBUG a00904649.io.InventoryReader - Inventory with part number 7127696377 created
2017-07-01 11:19:07.881 [main] DEBUG a00904649.io.InventoryReader - Inventory with part number 1427653149 created
2017-07-01 11:19:07.881 [main] DEBUG a00904649.io.InventoryReader - Inventory with part number 6712330765 created
2017-07-01 11:19:07.881 [main] DEBUG a00904649.io.InventoryReader - Inventory with part number 6147708314 created
2017-07-01 11:19:07.881 [main] DEBUG a00904649.io.InventoryReader - Inventory with part number 6141182903 created
2017-07-01 11:19:07.881 [main] DEBUG a00904649.io.InventoryReader - Inventory with part number 3838521719 created
2017-07-01 11:19:07.881 [main] DEBUG a00904649.io.InventoryReader - Inventory with part number 2317707433 created
2017-07-01 11:19:07.881 [main] DEBUG a00904649.io.InventoryReader - Inventory with part number 3007690404 created
2017-07-01 11:19:07.881 [main] DEBUG a00904649.io.InventoryReader - Inventory with part number 3138534352 created
2017-07-01 11:19:07.881 [main] DEBUG a00904649.io.InventoryReader - Inventory with part number 3138534353 created
2017-07-01 11:19:07.881 [main] DEBUG a00904649.io.InventoryReader - Inventory with part number 1312346550 created
2017-07-01 11:19:07.881 [main] DEBUG a00904649.io.InventoryReader - Inventory with part number 7727706469 created
2017-07-01 11:19:07.881 [main] DEBUG a00904649.io.InventoryReader - Inventory with part number 7119907030 created
2017-07-01 11:19:07.881 [main] DEBUG a00904649.io.InventoryReader - Inventory with part number 7119904164 created
2017-07-01 11:19:07.881 [main] DEBUG a00904649.io.InventoryReader - Inventory with part number 1272343243 created
2017-07-01 11:19:07.881 [main] DEBUG a00904649.io.InventoryReader - Inventory items added to ArrayList
2017-07-01 11:19:07.904 [main] INFO  a00904649.io.InventoryReport - Inventory report created and displayed
2017-07-01 11:19:07.923 [main] INFO  a00904649.io.InventoryReport - inventory_report.txt created
2017-07-01 11:19:07.924 [main] DEBUG a00904649.io.ServiceReader - Reading Service data from motorcycles.dat
2017-07-01 11:19:07.925 [main] DEBUG a00904649.io.ServiceReader - Service data with model name Tiger created
2017-07-01 11:19:07.925 [main] DEBUG a00904649.io.ServiceReader - Service data with model name Bolt created
2017-07-01 11:19:07.925 [main] DEBUG a00904649.io.ServiceReader - Service data with model name CB1100 created
2017-07-01 11:19:07.926 [main] DEBUG a00904649.io.ServiceReader - Service data with model name R75/5 created
2017-07-01 11:19:07.926 [main] DEBUG a00904649.io.ServiceReader - Service data with model name Sportster created
2017-07-01 11:19:07.926 [main] DEBUG a00904649.io.ServiceReader - Service data with model name V-Strom 1000 created
2017-07-01 11:19:07.926 [main] DEBUG a00904649.io.ServiceReader - Service data with model name Monster 696 created
2017-07-01 11:19:07.926 [main] DEBUG a00904649.io.ServiceReader - Service data were added to ArrayList
2017-07-01 11:19:07.926 [main] DEBUG a00904649.io.CustomerReader - Reading customer data from customers.dat
2017-07-01 11:19:07.926 [main] DEBUG a00904649.io.CustomerReader - Customers with ID 3997 created
2017-07-01 11:19:07.926 [main] DEBUG a00904649.io.CustomerReader - Customers with ID 2540 created
2017-07-01 11:19:07.927 [main] DEBUG a00904649.io.CustomerReader - Customers with ID 1824 created
2017-07-01 11:19:07.927 [main] DEBUG a00904649.io.CustomerReader - Customers with ID 4653 created
2017-07-01 11:19:07.927 [main] DEBUG a00904649.io.CustomerReader - Customers with ID 3947 created
2017-07-01 11:19:07.927 [main] DEBUG a00904649.io.CustomerReader - Customers were added to ArrayList
2017-07-01 11:19:07.931 [main] INFO  a00904649.io.ServiceReport - Service report created and displayed
2017-07-01 11:19:07.931 [main] INFO  a00904649.io.ServiceReport - service_report.txt created
2017-07-01 11:19:07.931 [main] INFO  a00904649.Bcmc - 2017-07-01T18:19:07.931Z
2017-07-01 11:19:07.932 [main] INFO  a00904649.Bcmc - Duration: 458 ms
2017-12-22 11:18:21.038 [main] INFO  a00904649.Bcmc - 2017-12-22T19:18:20.683Z
2017-12-22 11:18:21.085 [main] INFO  a00904649.Bcmc - Bcmc created
2017-12-22 11:18:21.090 [main] DEBUG a00904649.BcmcOption - Bcmc Options created
2017-12-22 11:18:21.091 [main] DEBUG a00904649.io.CustomerReader - Reading customer data from customers.dat
2017-12-22 11:18:21.096 [main] DEBUG a00904649.io.CustomerReader - Customers with ID 3997 created
2017-12-22 11:18:21.096 [main] DEBUG a00904649.io.CustomerReader - Customers with ID 2540 created
2017-12-22 11:18:21.096 [main] DEBUG a00904649.io.CustomerReader - Customers with ID 1824 created
2017-12-22 11:18:21.097 [main] DEBUG a00904649.io.CustomerReader - Customers with ID 4653 created
2017-12-22 11:18:21.097 [main] DEBUG a00904649.io.CustomerReader - Customers with ID 3947 created
2017-12-22 11:18:21.097 [main] DEBUG a00904649.io.CustomerReader - Customers were added to ArrayList
2017-12-22 11:18:21.106 [main] INFO  a00904649.io.CustomerReport - Customer report created and displayed
2017-12-22 11:18:21.108 [main] INFO  a00904649.io.CustomerReport - customers_report.txt created
2017-12-22 11:18:21.109 [main] DEBUG a00904649.io.InventoryReader - Reading inventory data from inventory.dat
2017-12-22 11:18:21.110 [main] DEBUG a00904649.io.InventoryReader - Inventory with part number 7129907049 created
2017-12-22 11:18:21.110 [main] DEBUG a00904649.io.InventoryReader - Inventory with part number 7129907050 created
2017-12-22 11:18:21.110 [main] DEBUG a00904649.io.InventoryReader - Inventory with part number 1277702426 created
2017-12-22 11:18:21.110 [main] DEBUG a00904649.io.InventoryReader - Inventory with part number 7147202359 created
2017-12-22 11:18:21.110 [main] DEBUG a00904649.io.InventoryReader - Inventory with part number 1277690501 created
2017-12-22 11:18:21.110 [main] DEBUG a00904649.io.InventoryReader - Inventory with part number 7727706466 created
2017-12-22 11:18:21.110 [main] DEBUG a00904649.io.InventoryReader - Inventory with part number 7727678299 created
2017-12-22 11:18:21.110 [main] DEBUG a00904649.io.InventoryReader - Inventory with part number 6628526813 created
2017-12-22 11:18:21.110 [main] DEBUG a00904649.io.InventoryReader - Inventory with part number 6628526814 created
2017-12-22 11:18:21.110 [main] DEBUG a00904649.io.InventoryReader - Inventory with part number 7727686588 created
2017-12-22 11:18:21.110 [main] DEBUG a00904649.io.InventoryReader - Inventory with part number 6627711971 created
2017-12-22 11:18:21.110 [main] DEBUG a00904649.io.InventoryReader - Inventory with part number 1277722182 created
2017-12-22 11:18:21.110 [main] DEBUG a00904649.io.InventoryReader - Inventory with part number 32727678100 created
2017-12-22 11:18:21.111 [main] DEBUG a00904649.io.InventoryReader - Inventory with part number 1427653150 created
2017-12-22 11:18:21.111 [main] DEBUG a00904649.io.InventoryReader - Inventory with part number 1317690871 created
2017-12-22 11:18:21.111 [main] DEBUG a00904649.io.InventoryReader - Inventory with part number 3217169203 created
2017-12-22 11:18:21.111 [main] DEBUG a00904649.io.InventoryReader - Inventory with part number 3417680761 created
2017-12-22 11:18:21.111 [main] DEBUG a00904649.io.InventoryReader - Inventory with part number 7119901545 created
2017-12-22 11:18:21.111 [main] DEBUG a00904649.io.InventoryReader - Inventory with part number 32728533246 created
2017-12-22 11:18:21.111 [main] DEBUG a00904649.io.InventoryReader - Inventory with part number 1127070202 created
2017-12-22 11:18:21.111 [main] DEBUG a00904649.io.InventoryReader - Inventory with part number 32727705606 created
2017-12-22 11:18:21.111 [main] DEBUG a00904649.io.InventoryReader - Inventory with part number 32728523463 created
2017-12-22 11:18:21.111 [main] DEBUG a00904649.io.InventoryReader - Inventory with part number 6717700591 created
2017-12-22 11:18:21.111 [main] DEBUG a00904649.io.InventoryReader - Inventory with part number 7727689584 created
2017-12-22 11:18:21.111 [main] DEBUG a00904649.io.InventoryReader - Inventory with part number 1247690500 created
2017-12-22 11:18:21.111 [main] DEBUG a00904649.io.InventoryReader - Inventory with part number 1277688360 created
2017-12-22 11:18:21.111 [main] DEBUG a00904649.io.InventoryReader - Inventory with part number 1247688359 created
2017-12-22 11:18:21.111 [main] DEBUG a00904649.io.InventoryReader - Inventory with part number 1248542008 created
2017-12-22 11:18:21.111 [main] DEBUG a00904649.io.InventoryReader - Inventory with part number 1127699594 created
2017-12-22 11:18:21.111 [main] DEBUG a00904649.io.InventoryReader - Inventory with part number 32727678101 created
2017-12-22 11:18:21.111 [main] DEBUG a00904649.io.InventoryReader - Inventory with part number 32727673989 created
2017-12-22 11:18:21.111 [main] DEBUG a00904649.io.InventoryReader - Inventory with part number 6147693055 created
2017-12-22 11:18:21.111 [main] DEBUG a00904649.io.InventoryReader - Inventory with part number 6147708313 created
2017-12-22 11:18:21.112 [main] DEBUG a00904649.io.InventoryReader - Inventory with part number 1117653180 created
2017-12-22 11:18:21.112 [main] DEBUG a00904649.io.InventoryReader - Inventory with part number 32722333066 created
2017-12-22 11:18:21.112 [main] DEBUG a00904649.io.InventoryReader - Inventory with part number 6637659955 created
2017-12-22 11:18:21.112 [main] DEBUG a00904649.io.InventoryReader - Inventory with part number 6718534960 created
2017-12-22 11:18:21.112 [main] DEBUG a00904649.io.InventoryReader - Inventory with part number 6718534959 created
2017-12-22 11:18:21.112 [main] DEBUG a00904649.io.InventoryReader - Inventory with part number 6717700913 created
2017-12-22 11:18:21.112 [main] DEBUG a00904649.io.InventoryReader - Inventory with part number 6717700914 created
2017-12-22 11:18:21.112 [main] DEBUG a00904649.io.InventoryReader - Inventory with part number 6147723935 created
2017-12-22 11:18:21.112 [main] DEBUG a00904649.io.InventoryReader - Inventory with part number 6148523262 created
2017-12-22 11:18:21.112 [main] DEBUG a00904649.io.InventoryReader - Inventory with part number 6117677883 created
2017-12-22 11:18:21.112 [main] DEBUG a00904649.io.InventoryReader - Inventory with part number 1538524136 created
2017-12-22 11:18:21.112 [main] DEBUG a00904649.io.InventoryReader - Inventory with part number 7119904920 created
2017-12-22 11:18:21.112 [main] DEBUG a00904649.io.InventoryReader - Inventory with part number 7217686971 created
2017-12-22 11:18:21.112 [main] DEBUG a00904649.io.InventoryReader - Inventory with part number 1731277848 created
2017-12-22 11:18:21.112 [main] DEBUG a00904649.io.InventoryReader - Inventory with part number 3547709426 created
2017-12-22 11:18:21.112 [main] DEBUG a00904649.io.InventoryReader - Inventory with part number 7129907374 created
2017-12-22 11:18:21.112 [main] DEBUG a00904649.io.InventoryReader - Inventory with part number 7129907375 created
2017-12-22 11:18:21.112 [main] DEBUG a00904649.io.InventoryReader - Inventory with part number 7129905601 created
2017-12-22 11:18:21.113 [main] DEBUG a00904649.io.InventoryReader - Inventory with part number 7129904260 created
2017-12-22 11:18:21.113 [main] DEBUG a00904649.io.InventoryReader - Inventory with part number 7129904261 created
2017-12-22 11:18:21.113 [main] DEBUG a00904649.io.InventoryReader - Inventory with part number 7129906038 created
2017-12-22 11:18:21.113 [main] DEBUG a00904649.io.InventoryReader - Inventory with part number 7129905769 created
2017-12-22 11:18:21.113 [main] DEBUG a00904649.io.InventoryReader - Inventory with part number 7129904700 created
2017-12-22 11:18:21.113 [main] DEBUG a00904649.io.InventoryReader - Inventory with part number 7129903807 created
2017-12-22 11:18:21.113 [main] DEBUG a00904649.io.InventoryReader - Inventory with part number 7129905537 created
2017-12-22 11:18:21.113 [main] DEBUG a00904649.io.InventoryReader - Inventory with part number 3138534351 created
2017-12-22 11:18:21.113 [main] DEBUG a00904649.io.InventoryReader - Inventory with part number 3138534350 created
2017-12-22 11:18:21.113 [main] DEBUG a00904649.io.InventoryReader - Inventory with part number 61317671111 created
2017-12-22 11:18:21.113 [main] DEBUG a00904649.io.InventoryReader - Inventory with part number 1447687378 created
2017-12-22 11:18:21.113 [main] DEBUG a00904649.io.InventoryReader - Inventory with part number 1447687367 created
2017-12-22 11:18:21.113 [main] DEBUG a00904649.io.InventoryReader - Inventory with part number 1117694729 created
2017-12-22 11:18:21.113 [main] DEBUG a00904649.io.InventoryReader - Inventory with part number 1427719357 created
2017-12-22 11:18:21.113 [main] DEBUG a00904649.io.InventoryReader - Inventory with part number 4117672808 created
2017-12-22 11:18:21.113 [main] DEBUG a00904649.io.InventoryReader - Inventory with part number 6717668644 created
2017-12-22 11:18:21.113 [main] DEBUG a00904649.io.InventoryReader - Inventory with part number 5417674080 created
2017-12-22 11:18:21.113 [main] DEBUG a00904649.io.InventoryReader - Inventory with part number 1447687365 created
2017-12-22 11:18:21.113 [main] DEBUG a00904649.io.InventoryReader - Inventory with part number 7727711036 created
2017-12-22 11:18:21.113 [main] DEBUG a00904649.io.InventoryReader - Inventory with part number 6717660163 created
2017-12-22 11:18:21.113 [main] DEBUG a00904649.io.InventoryReader - Inventory with part number 1427677987 created
2017-12-22 11:18:21.113 [main] DEBUG a00904649.io.InventoryReader - Inventory with part number 1412343108 created
2017-12-22 11:18:21.113 [main] DEBUG a00904649.io.InventoryReader - Inventory with part number 7119987611 created
2017-12-22 11:18:21.114 [main] DEBUG a00904649.io.InventoryReader - Inventory with part number 6147713360 created
2017-12-22 11:18:21.114 [main] DEBUG a00904649.io.InventoryReader - Inventory with part number 6116760285 created
2017-12-22 11:18:21.114 [main] DEBUG a00904649.io.InventoryReader - Inventory with part number 1447687368 created
2017-12-22 11:18:21.114 [main] DEBUG a00904649.io.InventoryReader - Inventory with part number 3418522956 created
2017-12-22 11:18:21.114 [main] DEBUG a00904649.io.InventoryReader - Inventory with part number 32727680378 created
2017-12-22 11:18:21.114 [main] DEBUG a00904649.io.InventoryReader - Inventory with part number 7119906189 created
2017-12-22 11:18:21.115 [main] DEBUG a00904649.io.InventoryReader - Inventory with part number 3417688853 created
2017-12-22 11:18:21.115 [main] DEBUG a00904649.io.InventoryReader - Inventory with part number 3417689019 created
2017-12-22 11:18:21.115 [main] DEBUG a00904649.io.InventoryReader - Inventory with part number 32727673990 created
2017-12-22 11:18:21.115 [main] DEBUG a00904649.io.InventoryReader - Inventory with part number 1427677988 created
2017-12-22 11:18:21.115 [main] DEBUG a00904649.io.InventoryReader - Inventory with part number 7127696377 created
2017-12-22 11:18:21.115 [main] DEBUG a00904649.io.InventoryReader - Inventory with part number 1427653149 created
2017-12-22 11:18:21.115 [main] DEBUG a00904649.io.InventoryReader - Inventory with part number 6712330765 created
2017-12-22 11:18:21.115 [main] DEBUG a00904649.io.InventoryReader - Inventory with part number 6147708314 created
2017-12-22 11:18:21.115 [main] DEBUG a00904649.io.InventoryReader - Inventory with part number 6141182903 created
2017-12-22 11:18:21.115 [main] DEBUG a00904649.io.InventoryReader - Inventory with part number 3838521719 created
2017-12-22 11:18:21.116 [main] DEBUG a00904649.io.InventoryReader - Inventory with part number 2317707433 created
2017-12-22 11:18:21.116 [main] DEBUG a00904649.io.InventoryReader - Inventory with part number 3007690404 created
2017-12-22 11:18:21.116 [main] DEBUG a00904649.io.InventoryReader - Inventory with part number 3138534352 created
2017-12-22 11:18:21.116 [main] DEBUG a00904649.io.InventoryReader - Inventory with part number 3138534353 created
2017-12-22 11:18:21.116 [main] DEBUG a00904649.io.InventoryReader - Inventory with part number 1312346550 created
2017-12-22 11:18:21.116 [main] DEBUG a00904649.io.InventoryReader - Inventory with part number 7727706469 created
2017-12-22 11:18:21.116 [main] DEBUG a00904649.io.InventoryReader - Inventory with part number 7119907030 created
2017-12-22 11:18:21.116 [main] DEBUG a00904649.io.InventoryReader - Inventory with part number 7119904164 created
2017-12-22 11:18:21.116 [main] DEBUG a00904649.io.InventoryReader - Inventory with part number 1272343243 created
2017-12-22 11:18:21.116 [main] DEBUG a00904649.io.InventoryReader - Inventory items added to ArrayList
2017-12-22 11:18:21.142 [main] INFO  a00904649.io.InventoryReport - Inventory report created and displayed
2017-12-22 11:18:21.163 [main] INFO  a00904649.io.InventoryReport - inventory_report.txt created
2017-12-22 11:18:21.166 [main] DEBUG a00904649.io.ServiceReader - Reading Service data from motorcycles.dat
2017-12-22 11:18:21.166 [main] DEBUG a00904649.io.ServiceReader - Service data with model name Tiger created
2017-12-22 11:18:21.166 [main] DEBUG a00904649.io.ServiceReader - Service data with model name Bolt created
2017-12-22 11:18:21.166 [main] DEBUG a00904649.io.ServiceReader - Service data with model name CB1100 created
2017-12-22 11:18:21.166 [main] DEBUG a00904649.io.ServiceReader - Service data with model name R75/5 created
2017-12-22 11:18:21.167 [main] DEBUG a00904649.io.ServiceReader - Service data with model name Sportster created
2017-12-22 11:18:21.167 [main] DEBUG a00904649.io.ServiceReader - Service data with model name V-Strom 1000 created
2017-12-22 11:18:21.167 [main] DEBUG a00904649.io.ServiceReader - Service data with model name Monster 696 created
2017-12-22 11:18:21.167 [main] DEBUG a00904649.io.ServiceReader - Service data were added to ArrayList
2017-12-22 11:18:21.167 [main] DEBUG a00904649.io.CustomerReader - Reading customer data from customers.dat
2017-12-22 11:18:21.167 [main] DEBUG a00904649.io.CustomerReader - Customers with ID 3997 created
2017-12-22 11:18:21.168 [main] DEBUG a00904649.io.CustomerReader - Customers with ID 2540 created
2017-12-22 11:18:21.168 [main] DEBUG a00904649.io.CustomerReader - Customers with ID 1824 created
2017-12-22 11:18:21.169 [main] DEBUG a00904649.io.CustomerReader - Customers with ID 4653 created
2017-12-22 11:18:21.169 [main] DEBUG a00904649.io.CustomerReader - Customers with ID 3947 created
2017-12-22 11:18:21.169 [main] DEBUG a00904649.io.CustomerReader - Customers were added to ArrayList
2017-12-22 11:18:21.172 [main] INFO  a00904649.io.ServiceReport - Service report created and displayed
2017-12-22 11:18:21.173 [main] INFO  a00904649.io.ServiceReport - service_report.txt created
2017-12-22 11:18:21.173 [main] INFO  a00904649.Bcmc - 2017-12-22T19:18:21.173Z
2017-12-22 11:18:21.173 [main] INFO  a00904649.Bcmc - Duration: 490 ms
2017-12-22 11:18:32.496 [main] INFO  a00904649.Bcmc - 2017-12-22T19:18:32.176Z
2017-12-22 11:18:32.539 [main] INFO  a00904649.Bcmc - Bcmc created
2017-12-22 11:18:32.543 [main] DEBUG a00904649.BcmcOption - Bcmc Options created
2017-12-22 11:18:32.544 [main] DEBUG a00904649.io.CustomerReader - Reading customer data from customers.dat
2017-12-22 11:18:32.548 [main] DEBUG a00904649.io.CustomerReader - Customers with ID 3997 created
2017-12-22 11:18:32.548 [main] DEBUG a00904649.io.CustomerReader - Customers with ID 2540 created
2017-12-22 11:18:32.549 [main] DEBUG a00904649.io.CustomerReader - Customers with ID 1824 created
2017-12-22 11:18:32.549 [main] DEBUG a00904649.io.CustomerReader - Customers with ID 4653 created
2017-12-22 11:18:32.549 [main] DEBUG a00904649.io.CustomerReader - Customers with ID 3947 created
2017-12-22 11:18:32.549 [main] DEBUG a00904649.io.CustomerReader - Customers were added to ArrayList
2017-12-22 11:18:32.556 [main] INFO  a00904649.io.CustomerReport - Customer report created and displayed
2017-12-22 11:18:32.558 [main] INFO  a00904649.io.CustomerReport - customers_report.txt created
2017-12-22 11:18:32.559 [main] DEBUG a00904649.io.InventoryReader - Reading inventory data from inventory.dat
2017-12-22 11:18:32.560 [main] DEBUG a00904649.io.InventoryReader - Inventory with part number 7129907049 created
2017-12-22 11:18:32.560 [main] DEBUG a00904649.io.InventoryReader - Inventory with part number 7129907050 created
2017-12-22 11:18:32.560 [main] DEBUG a00904649.io.InventoryReader - Inventory with part number 1277702426 created
2017-12-22 11:18:32.560 [main] DEBUG a00904649.io.InventoryReader - Inventory with part number 7147202359 created
2017-12-22 11:18:32.560 [main] DEBUG a00904649.io.InventoryReader - Inventory with part number 1277690501 created
2017-12-22 11:18:32.560 [main] DEBUG a00904649.io.InventoryReader - Inventory with part number 7727706466 created
2017-12-22 11:18:32.560 [main] DEBUG a00904649.io.InventoryReader - Inventory with part number 7727678299 created
2017-12-22 11:18:32.560 [main] DEBUG a00904649.io.InventoryReader - Inventory with part number 6628526813 created
2017-12-22 11:18:32.560 [main] DEBUG a00904649.io.InventoryReader - Inventory with part number 6628526814 created
2017-12-22 11:18:32.560 [main] DEBUG a00904649.io.InventoryReader - Inventory with part number 7727686588 created
2017-12-22 11:18:32.561 [main] DEBUG a00904649.io.InventoryReader - Inventory with part number 6627711971 created
2017-12-22 11:18:32.561 [main] DEBUG a00904649.io.InventoryReader - Inventory with part number 1277722182 created
2017-12-22 11:18:32.561 [main] DEBUG a00904649.io.InventoryReader - Inventory with part number 32727678100 created
2017-12-22 11:18:32.561 [main] DEBUG a00904649.io.InventoryReader - Inventory with part number 1427653150 created
2017-12-22 11:18:32.561 [main] DEBUG a00904649.io.InventoryReader - Inventory with part number 1317690871 created
2017-12-22 11:18:32.561 [main] DEBUG a00904649.io.InventoryReader - Inventory with part number 3217169203 created
2017-12-22 11:18:32.561 [main] DEBUG a00904649.io.InventoryReader - Inventory with part number 3417680761 created
2017-12-22 11:18:32.561 [main] DEBUG a00904649.io.InventoryReader - Inventory with part number 7119901545 created
2017-12-22 11:18:32.561 [main] DEBUG a00904649.io.InventoryReader - Inventory with part number 32728533246 created
2017-12-22 11:18:32.561 [main] DEBUG a00904649.io.InventoryReader - Inventory with part number 1127070202 created
2017-12-22 11:18:32.561 [main] DEBUG a00904649.io.InventoryReader - Inventory with part number 32727705606 created
2017-12-22 11:18:32.561 [main] DEBUG a00904649.io.InventoryReader - Inventory with part number 32728523463 created
2017-12-22 11:18:32.561 [main] DEBUG a00904649.io.InventoryReader - Inventory with part number 6717700591 created
2017-12-22 11:18:32.561 [main] DEBUG a00904649.io.InventoryReader - Inventory with part number 7727689584 created
2017-12-22 11:18:32.561 [main] DEBUG a00904649.io.InventoryReader - Inventory with part number 1247690500 created
2017-12-22 11:18:32.561 [main] DEBUG a00904649.io.InventoryReader - Inventory with part number 1277688360 created
2017-12-22 11:18:32.561 [main] DEBUG a00904649.io.InventoryReader - Inventory with part number 1247688359 created
2017-12-22 11:18:32.561 [main] DEBUG a00904649.io.InventoryReader - Inventory with part number 1248542008 created
2017-12-22 11:18:32.561 [main] DEBUG a00904649.io.InventoryReader - Inventory with part number 1127699594 created
2017-12-22 11:18:32.562 [main] DEBUG a00904649.io.InventoryReader - Inventory with part number 32727678101 created
2017-12-22 11:18:32.562 [main] DEBUG a00904649.io.InventoryReader - Inventory with part number 32727673989 created
2017-12-22 11:18:32.562 [main] DEBUG a00904649.io.InventoryReader - Inventory with part number 6147693055 created
2017-12-22 11:18:32.562 [main] DEBUG a00904649.io.InventoryReader - Inventory with part number 6147708313 created
2017-12-22 11:18:32.562 [main] DEBUG a00904649.io.InventoryReader - Inventory with part number 1117653180 created
2017-12-22 11:18:32.562 [main] DEBUG a00904649.io.InventoryReader - Inventory with part number 32722333066 created
2017-12-22 11:18:32.562 [main] DEBUG a00904649.io.InventoryReader - Inventory with part number 6637659955 created
2017-12-22 11:18:32.562 [main] DEBUG a00904649.io.InventoryReader - Inventory with part number 6718534960 created
2017-12-22 11:18:32.562 [main] DEBUG a00904649.io.InventoryReader - Inventory with part number 6718534959 created
2017-12-22 11:18:32.562 [main] DEBUG a00904649.io.InventoryReader - Inventory with part number 6717700913 created
2017-12-22 11:18:32.562 [main] DEBUG a00904649.io.InventoryReader - Inventory with part number 6717700914 created
2017-12-22 11:18:32.562 [main] DEBUG a00904649.io.InventoryReader - Inventory with part number 6147723935 created
2017-12-22 11:18:32.562 [main] DEBUG a00904649.io.InventoryReader - Inventory with part number 6148523262 created
2017-12-22 11:18:32.562 [main] DEBUG a00904649.io.InventoryReader - Inventory with part number 6117677883 created
2017-12-22 11:18:32.562 [main] DEBUG a00904649.io.InventoryReader - Inventory with part number 1538524136 created
2017-12-22 11:18:32.562 [main] DEBUG a00904649.io.InventoryReader - Inventory with part number 7119904920 created
2017-12-22 11:18:32.562 [main] DEBUG a00904649.io.InventoryReader - Inventory with part number 7217686971 created
2017-12-22 11:18:32.562 [main] DEBUG a00904649.io.InventoryReader - Inventory with part number 1731277848 created
2017-12-22 11:18:32.562 [main] DEBUG a00904649.io.InventoryReader - Inventory with part number 3547709426 created
2017-12-22 11:18:32.562 [main] DEBUG a00904649.io.InventoryReader - Inventory with part number 7129907374 created
2017-12-22 11:18:32.562 [main] DEBUG a00904649.io.InventoryReader - Inventory with part number 7129907375 created
2017-12-22 11:18:32.563 [main] DEBUG a00904649.io.InventoryReader - Inventory with part number 7129905601 created
2017-12-22 11:18:32.563 [main] DEBUG a00904649.io.InventoryReader - Inventory with part number 7129904260 created
2017-12-22 11:18:32.563 [main] DEBUG a00904649.io.InventoryReader - Inventory with part number 7129904261 created
2017-12-22 11:18:32.563 [main] DEBUG a00904649.io.InventoryReader - Inventory with part number 7129906038 created
2017-12-22 11:18:32.563 [main] DEBUG a00904649.io.InventoryReader - Inventory with part number 7129905769 created
2017-12-22 11:18:32.563 [main] DEBUG a00904649.io.InventoryReader - Inventory with part number 7129904700 created
2017-12-22 11:18:32.563 [main] DEBUG a00904649.io.InventoryReader - Inventory with part number 7129903807 created
2017-12-22 11:18:32.563 [main] DEBUG a00904649.io.InventoryReader - Inventory with part number 7129905537 created
2017-12-22 11:18:32.563 [main] DEBUG a00904649.io.InventoryReader - Inventory with part number 3138534351 created
2017-12-22 11:18:32.563 [main] DEBUG a00904649.io.InventoryReader - Inventory with part number 3138534350 created
2017-12-22 11:18:32.563 [main] DEBUG a00904649.io.InventoryReader - Inventory with part number 61317671111 created
2017-12-22 11:18:32.563 [main] DEBUG a00904649.io.InventoryReader - Inventory with part number 1447687378 created
2017-12-22 11:18:32.563 [main] DEBUG a00904649.io.InventoryReader - Inventory with part number 1447687367 created
2017-12-22 11:18:32.563 [main] DEBUG a00904649.io.InventoryReader - Inventory with part number 1117694729 created
2017-12-22 11:18:32.563 [main] DEBUG a00904649.io.InventoryReader - Inventory with part number 1427719357 created
2017-12-22 11:18:32.563 [main] DEBUG a00904649.io.InventoryReader - Inventory with part number 4117672808 created
2017-12-22 11:18:32.563 [main] DEBUG a00904649.io.InventoryReader - Inventory with part number 6717668644 created
2017-12-22 11:18:32.563 [main] DEBUG a00904649.io.InventoryReader - Inventory with part number 5417674080 created
2017-12-22 11:18:32.563 [main] DEBUG a00904649.io.InventoryReader - Inventory with part number 1447687365 created
2017-12-22 11:18:32.563 [main] DEBUG a00904649.io.InventoryReader - Inventory with part number 7727711036 created
2017-12-22 11:18:32.563 [main] DEBUG a00904649.io.InventoryReader - Inventory with part number 6717660163 created
2017-12-22 11:18:32.564 [main] DEBUG a00904649.io.InventoryReader - Inventory with part number 1427677987 created
2017-12-22 11:18:32.564 [main] DEBUG a00904649.io.InventoryReader - Inventory with part number 1412343108 created
2017-12-22 11:18:32.564 [main] DEBUG a00904649.io.InventoryReader - Inventory with part number 7119987611 created
2017-12-22 11:18:32.564 [main] DEBUG a00904649.io.InventoryReader - Inventory with part number 6147713360 created
2017-12-22 11:18:32.564 [main] DEBUG a00904649.io.InventoryReader - Inventory with part number 6116760285 created
2017-12-22 11:18:32.564 [main] DEBUG a00904649.io.InventoryReader - Inventory with part number 1447687368 created
2017-12-22 11:18:32.564 [main] DEBUG a00904649.io.InventoryReader - Inventory with part number 3418522956 created
2017-12-22 11:18:32.564 [main] DEBUG a00904649.io.InventoryReader - Inventory with part number 32727680378 created
2017-12-22 11:18:32.564 [main] DEBUG a00904649.io.InventoryReader - Inventory with part number 7119906189 created
2017-12-22 11:18:32.565 [main] DEBUG a00904649.io.InventoryReader - Inventory with part number 3417688853 created
2017-12-22 11:18:32.565 [main] DEBUG a00904649.io.InventoryReader - Inventory with part number 3417689019 created
2017-12-22 11:18:32.565 [main] DEBUG a00904649.io.InventoryReader - Inventory with part number 32727673990 created
2017-12-22 11:18:32.565 [main] DEBUG a00904649.io.InventoryReader - Inventory with part number 1427677988 created
2017-12-22 11:18:32.565 [main] DEBUG a00904649.io.InventoryReader - Inventory with part number 7127696377 created
2017-12-22 11:18:32.565 [main] DEBUG a00904649.io.InventoryReader - Inventory with part number 1427653149 created
2017-12-22 11:18:32.565 [main] DEBUG a00904649.io.InventoryReader - Inventory with part number 6712330765 created
2017-12-22 11:18:32.565 [main] DEBUG a00904649.io.InventoryReader - Inventory with part number 6147708314 created
2017-12-22 11:18:32.565 [main] DEBUG a00904649.io.InventoryReader - Inventory with part number 6141182903 created
2017-12-22 11:18:32.565 [main] DEBUG a00904649.io.InventoryReader - Inventory with part number 3838521719 created
2017-12-22 11:18:32.566 [main] DEBUG a00904649.io.InventoryReader - Inventory with part number 2317707433 created
2017-12-22 11:18:32.566 [main] DEBUG a00904649.io.InventoryReader - Inventory with part number 3007690404 created
2017-12-22 11:18:32.566 [main] DEBUG a00904649.io.InventoryReader - Inventory with part number 3138534352 created
2017-12-22 11:18:32.566 [main] DEBUG a00904649.io.InventoryReader - Inventory with part number 3138534353 created
2017-12-22 11:18:32.566 [main] DEBUG a00904649.io.InventoryReader - Inventory with part number 1312346550 created
2017-12-22 11:18:32.566 [main] DEBUG a00904649.io.InventoryReader - Inventory with part number 7727706469 created
2017-12-22 11:18:32.566 [main] DEBUG a00904649.io.InventoryReader - Inventory with part number 7119907030 created
2017-12-22 11:18:32.566 [main] DEBUG a00904649.io.InventoryReader - Inventory with part number 7119904164 created
2017-12-22 11:18:32.566 [main] DEBUG a00904649.io.InventoryReader - Inventory with part number 1272343243 created
2017-12-22 11:18:32.566 [main] DEBUG a00904649.io.InventoryReader - Inventory items added to ArrayList
2017-12-22 11:18:32.607 [main] INFO  a00904649.io.InventoryReport - Inventory report created and displayed
2017-12-22 11:18:32.624 [main] INFO  a00904649.io.InventoryReport - inventory_report.txt created
2017-12-22 11:18:32.625 [main] DEBUG a00904649.io.ServiceReader - Reading Service data from motorcycles.dat
2017-12-22 11:18:32.625 [main] DEBUG a00904649.io.ServiceReader - Service data with model name Tiger created
2017-12-22 11:18:32.625 [main] DEBUG a00904649.io.ServiceReader - Service data with model name Bolt created
2017-12-22 11:18:32.625 [main] DEBUG a00904649.io.ServiceReader - Service data with model name CB1100 created
2017-12-22 11:18:32.625 [main] DEBUG a00904649.io.ServiceReader - Service data with model name R75/5 created
2017-12-22 11:18:32.625 [main] DEBUG a00904649.io.ServiceReader - Service data with model name Sportster created
2017-12-22 11:18:32.625 [main] DEBUG a00904649.io.ServiceReader - Service data with model name V-Strom 1000 created
2017-12-22 11:18:32.625 [main] DEBUG a00904649.io.ServiceReader - Service data with model name Monster 696 created
2017-12-22 11:18:32.625 [main] DEBUG a00904649.io.ServiceReader - Service data were added to ArrayList
2017-12-22 11:18:32.626 [main] DEBUG a00904649.io.CustomerReader - Reading customer data from customers.dat
2017-12-22 11:18:32.626 [main] DEBUG a00904649.io.CustomerReader - Customers with ID 3997 created
2017-12-22 11:18:32.626 [main] DEBUG a00904649.io.CustomerReader - Customers with ID 2540 created
2017-12-22 11:18:32.626 [main] DEBUG a00904649.io.CustomerReader - Customers with ID 1824 created
2017-12-22 11:18:32.627 [main] DEBUG a00904649.io.CustomerReader - Customers with ID 4653 created
2017-12-22 11:18:32.627 [main] DEBUG a00904649.io.CustomerReader - Customers with ID 3947 created
2017-12-22 11:18:32.627 [main] DEBUG a00904649.io.CustomerReader - Customers were added to ArrayList
2017-12-22 11:18:32.630 [main] INFO  a00904649.io.ServiceReport - Service report created and displayed
2017-12-22 11:18:32.631 [main] INFO  a00904649.io.ServiceReport - service_report.txt created
2017-12-22 11:18:32.631 [main] INFO  a00904649.Bcmc - 2017-12-22T19:18:32.631Z
2017-12-22 11:18:32.631 [main] INFO  a00904649.Bcmc - Duration: 455 ms
