2017-07-01 14:29:37.699 [main] INFO  a00904649.Bcmc - Start: 2017-07-01T21:29:37.659Z
2017-07-01 14:29:37.700 [main] DEBUG a00904649.Bcmc - Loading database properties from db.properties
2017-07-01 14:29:37.918 [main] DEBUG a00904649.Bcmc - Driver loaded
2017-07-01 14:29:39.669 [main] DEBUG a00904649.Bcmc - Database connected
2017-07-01 14:29:40.253 [main] DEBUG a00904649.database.dao.InventoryDao - create table Inventory(motorcycle_id VARCHAR(40), description VARCHAR(30), part_number VARCHAR(30), price VARCHAR(10), quantiry VARCHAR(10)) 
2017-07-01 14:29:40.253 [main] DEBUG a00904649.Bcmc - create table Inventory(motorcycle_id VARCHAR(40), description VARCHAR(30), part_number VARCHAR(30), price VARCHAR(10), quantiry VARCHAR(10)) 
2017-07-01 14:29:40.271 [main] DEBUG a00904649.Bcmc - Inserting the inventory items
2017-07-01 14:29:40.272 [main] DEBUG a00904649.io.InventoryReader - Reading inventory data from inventory.dat
2017-07-01 14:29:40.272 [main] DEBUG a00904649.io.InventoryReader - Inventory with part number 7129907049 created
2017-07-01 14:29:40.272 [main] DEBUG a00904649.io.InventoryReader - Inventory with part number 7129907050 created
2017-07-01 14:29:40.272 [main] DEBUG a00904649.io.InventoryReader - Inventory with part number 1277702426 created
2017-07-01 14:29:40.272 [main] DEBUG a00904649.io.InventoryReader - Inventory with part number 7147202359 created
2017-07-01 14:29:40.272 [main] DEBUG a00904649.io.InventoryReader - Inventory with part number 1277690501 created
2017-07-01 14:29:40.272 [main] DEBUG a00904649.io.InventoryReader - Inventory with part number 7727706466 created
2017-07-01 14:29:40.273 [main] DEBUG a00904649.io.InventoryReader - Inventory with part number 7727678299 created
2017-07-01 14:29:40.273 [main] DEBUG a00904649.io.InventoryReader - Inventory with part number 6628526813 created
2017-07-01 14:29:40.273 [main] DEBUG a00904649.io.InventoryReader - Inventory with part number 6628526814 created
2017-07-01 14:29:40.273 [main] DEBUG a00904649.io.InventoryReader - Inventory with part number 7727686588 created
2017-07-01 14:29:40.273 [main] DEBUG a00904649.io.InventoryReader - Inventory with part number 6627711971 created
2017-07-01 14:29:40.273 [main] DEBUG a00904649.io.InventoryReader - Inventory with part number 1277722182 created
2017-07-01 14:29:40.273 [main] DEBUG a00904649.io.InventoryReader - Inventory with part number 32727678100 created
2017-07-01 14:29:40.273 [main] DEBUG a00904649.io.InventoryReader - Inventory with part number 1427653150 created
2017-07-01 14:29:40.273 [main] DEBUG a00904649.io.InventoryReader - Inventory with part number 1317690871 created
2017-07-01 14:29:40.273 [main] DEBUG a00904649.io.InventoryReader - Inventory with part number 3217169203 created
2017-07-01 14:29:40.273 [main] DEBUG a00904649.io.InventoryReader - Inventory with part number 3417680761 created
2017-07-01 14:29:40.273 [main] DEBUG a00904649.io.InventoryReader - Inventory with part number 7119901545 created
2017-07-01 14:29:40.273 [main] DEBUG a00904649.io.InventoryReader - Inventory with part number 32728533246 created
2017-07-01 14:29:40.273 [main] DEBUG a00904649.io.InventoryReader - Inventory with part number 1127070202 created
2017-07-01 14:29:40.273 [main] DEBUG a00904649.io.InventoryReader - Inventory with part number 32727705606 created
2017-07-01 14:29:40.273 [main] DEBUG a00904649.io.InventoryReader - Inventory with part number 32728523463 created
2017-07-01 14:29:40.273 [main] DEBUG a00904649.io.InventoryReader - Inventory with part number 6717700591 created
2017-07-01 14:29:40.273 [main] DEBUG a00904649.io.InventoryReader - Inventory with part number 7727689584 created
2017-07-01 14:29:40.273 [main] DEBUG a00904649.io.InventoryReader - Inventory with part number 1247690500 created
2017-07-01 14:29:40.273 [main] DEBUG a00904649.io.InventoryReader - Inventory with part number 1277688360 created
2017-07-01 14:29:40.273 [main] DEBUG a00904649.io.InventoryReader - Inventory with part number 1247688359 created
2017-07-01 14:29:40.273 [main] DEBUG a00904649.io.InventoryReader - Inventory with part number 1248542008 created
2017-07-01 14:29:40.273 [main] DEBUG a00904649.io.InventoryReader - Inventory with part number 1127699594 created
2017-07-01 14:29:40.273 [main] DEBUG a00904649.io.InventoryReader - Inventory with part number 32727678101 created
2017-07-01 14:29:40.273 [main] DEBUG a00904649.io.InventoryReader - Inventory with part number 32727673989 created
2017-07-01 14:29:40.273 [main] DEBUG a00904649.io.InventoryReader - Inventory with part number 6147693055 created
2017-07-01 14:29:40.273 [main] DEBUG a00904649.io.InventoryReader - Inventory with part number 6147708313 created
2017-07-01 14:29:40.273 [main] DEBUG a00904649.io.InventoryReader - Inventory with part number 1117653180 created
2017-07-01 14:29:40.273 [main] DEBUG a00904649.io.InventoryReader - Inventory with part number 32722333066 created
2017-07-01 14:29:40.273 [main] DEBUG a00904649.io.InventoryReader - Inventory with part number 6637659955 created
2017-07-01 14:29:40.274 [main] DEBUG a00904649.io.InventoryReader - Inventory with part number 6718534960 created
2017-07-01 14:29:40.274 [main] DEBUG a00904649.io.InventoryReader - Inventory with part number 6718534959 created
2017-07-01 14:29:40.274 [main] DEBUG a00904649.io.InventoryReader - Inventory with part number 6717700913 created
2017-07-01 14:29:40.274 [main] DEBUG a00904649.io.InventoryReader - Inventory with part number 6717700914 created
2017-07-01 14:29:40.274 [main] DEBUG a00904649.io.InventoryReader - Inventory with part number 6147723935 created
2017-07-01 14:29:40.274 [main] DEBUG a00904649.io.InventoryReader - Inventory with part number 6148523262 created
2017-07-01 14:29:40.274 [main] DEBUG a00904649.io.InventoryReader - Inventory with part number 6117677883 created
2017-07-01 14:29:40.274 [main] DEBUG a00904649.io.InventoryReader - Inventory with part number 1538524136 created
2017-07-01 14:29:40.274 [main] DEBUG a00904649.io.InventoryReader - Inventory with part number 7119904920 created
2017-07-01 14:29:40.274 [main] DEBUG a00904649.io.InventoryReader - Inventory with part number 7217686971 created
2017-07-01 14:29:40.274 [main] DEBUG a00904649.io.InventoryReader - Inventory with part number 1731277848 created
2017-07-01 14:29:40.274 [main] DEBUG a00904649.io.InventoryReader - Inventory with part number 3547709426 created
2017-07-01 14:29:40.274 [main] DEBUG a00904649.io.InventoryReader - Inventory with part number 7129907374 created
2017-07-01 14:29:40.274 [main] DEBUG a00904649.io.InventoryReader - Inventory with part number 7129907375 created
2017-07-01 14:29:40.274 [main] DEBUG a00904649.io.InventoryReader - Inventory with part number 7129905601 created
2017-07-01 14:29:40.274 [main] DEBUG a00904649.io.InventoryReader - Inventory with part number 7129904260 created
2017-07-01 14:29:40.274 [main] DEBUG a00904649.io.InventoryReader - Inventory with part number 7129904261 created
2017-07-01 14:29:40.274 [main] DEBUG a00904649.io.InventoryReader - Inventory with part number 7129906038 created
2017-07-01 14:29:40.274 [main] DEBUG a00904649.io.InventoryReader - Inventory with part number 7129905769 created
2017-07-01 14:29:40.274 [main] DEBUG a00904649.io.InventoryReader - Inventory with part number 7129904700 created
2017-07-01 14:29:40.274 [main] DEBUG a00904649.io.InventoryReader - Inventory with part number 7129903807 created
2017-07-01 14:29:40.274 [main] DEBUG a00904649.io.InventoryReader - Inventory with part number 7129905537 created
2017-07-01 14:29:40.274 [main] DEBUG a00904649.io.InventoryReader - Inventory with part number 3138534351 created
2017-07-01 14:29:40.274 [main] DEBUG a00904649.io.InventoryReader - Inventory with part number 3138534350 created
2017-07-01 14:29:40.274 [main] DEBUG a00904649.io.InventoryReader - Inventory with part number 61317671111 created
2017-07-01 14:29:40.274 [main] DEBUG a00904649.io.InventoryReader - Inventory with part number 1447687378 created
2017-07-01 14:29:40.274 [main] DEBUG a00904649.io.InventoryReader - Inventory with part number 1447687367 created
2017-07-01 14:29:40.275 [main] DEBUG a00904649.io.InventoryReader - Inventory with part number 1117694729 created
2017-07-01 14:29:40.275 [main] DEBUG a00904649.io.InventoryReader - Inventory with part number 1427719357 created
2017-07-01 14:29:40.275 [main] DEBUG a00904649.io.InventoryReader - Inventory with part number 4117672808 created
2017-07-01 14:29:40.275 [main] DEBUG a00904649.io.InventoryReader - Inventory with part number 6717668644 created
2017-07-01 14:29:40.275 [main] DEBUG a00904649.io.InventoryReader - Inventory with part number 5417674080 created
2017-07-01 14:29:40.275 [main] DEBUG a00904649.io.InventoryReader - Inventory with part number 1447687365 created
2017-07-01 14:29:40.275 [main] DEBUG a00904649.io.InventoryReader - Inventory with part number 7727711036 created
2017-07-01 14:29:40.275 [main] DEBUG a00904649.io.InventoryReader - Inventory with part number 6717660163 created
2017-07-01 14:29:40.275 [main] DEBUG a00904649.io.InventoryReader - Inventory with part number 1427677987 created
2017-07-01 14:29:40.275 [main] DEBUG a00904649.io.InventoryReader - Inventory with part number 1412343108 created
2017-07-01 14:29:40.275 [main] DEBUG a00904649.io.InventoryReader - Inventory with part number 7119987611 created
2017-07-01 14:29:40.275 [main] DEBUG a00904649.io.InventoryReader - Inventory with part number 6147713360 created
2017-07-01 14:29:40.275 [main] DEBUG a00904649.io.InventoryReader - Inventory with part number 6116760285 created
2017-07-01 14:29:40.275 [main] DEBUG a00904649.io.InventoryReader - Inventory with part number 1447687368 created
2017-07-01 14:29:40.275 [main] DEBUG a00904649.io.InventoryReader - Inventory with part number 3418522956 created
2017-07-01 14:29:40.275 [main] DEBUG a00904649.io.InventoryReader - Inventory with part number 32727680378 created
2017-07-01 14:29:40.275 [main] DEBUG a00904649.io.InventoryReader - Inventory with part number 7119906189 created
2017-07-01 14:29:40.275 [main] DEBUG a00904649.io.InventoryReader - Inventory with part number 3417688853 created
2017-07-01 14:29:40.275 [main] DEBUG a00904649.io.InventoryReader - Inventory with part number 3417689019 created
2017-07-01 14:29:40.275 [main] DEBUG a00904649.io.InventoryReader - Inventory with part number 32727673990 created
2017-07-01 14:29:40.275 [main] DEBUG a00904649.io.InventoryReader - Inventory with part number 1427677988 created
2017-07-01 14:29:40.275 [main] DEBUG a00904649.io.InventoryReader - Inventory with part number 7127696377 created
2017-07-01 14:29:40.275 [main] DEBUG a00904649.io.InventoryReader - Inventory with part number 1427653149 created
2017-07-01 14:29:40.275 [main] DEBUG a00904649.io.InventoryReader - Inventory with part number 6712330765 created
2017-07-01 14:29:40.275 [main] DEBUG a00904649.io.InventoryReader - Inventory with part number 6147708314 created
2017-07-01 14:29:40.275 [main] DEBUG a00904649.io.InventoryReader - Inventory with part number 6141182903 created
2017-07-01 14:29:40.275 [main] DEBUG a00904649.io.InventoryReader - Inventory with part number 3838521719 created
2017-07-01 14:29:40.275 [main] DEBUG a00904649.io.InventoryReader - Inventory with part number 2317707433 created
2017-07-01 14:29:40.276 [main] DEBUG a00904649.io.InventoryReader - Inventory with part number 3007690404 created
2017-07-01 14:29:40.276 [main] DEBUG a00904649.io.InventoryReader - Inventory with part number 3138534352 created
2017-07-01 14:29:40.276 [main] DEBUG a00904649.io.InventoryReader - Inventory with part number 3138534353 created
2017-07-01 14:29:40.276 [main] DEBUG a00904649.io.InventoryReader - Inventory with part number 1312346550 created
2017-07-01 14:29:40.276 [main] DEBUG a00904649.io.InventoryReader - Inventory with part number 7727706469 created
2017-07-01 14:29:40.276 [main] DEBUG a00904649.io.InventoryReader - Inventory with part number 7119907030 created
2017-07-01 14:29:40.276 [main] DEBUG a00904649.io.InventoryReader - Inventory with part number 7119904164 created
2017-07-01 14:29:40.276 [main] DEBUG a00904649.io.InventoryReader - Inventory with part number 1272343243 created
2017-07-01 14:29:40.276 [main] DEBUG a00904649.io.InventoryReader - Inventory items added to ArrayList
2017-07-01 14:29:40.276 [main] DEBUG a00904649.database.dao.InventoryDao - insert into Inventory values('Triumph+Tiger', 'ASA-BOLT', '7129907049', '2.25', '19')
2017-07-01 14:29:40.276 [main] DEBUG a00904649.Bcmc - insert into Inventory values('Triumph+Tiger', 'ASA-BOLT', '7129907049', '2.25', '19')
2017-07-01 14:29:40.318 [main] DEBUG a00904649.database.dao.InventoryDao - insert into Inventory values('Yamaha+Bolt', 'ASA-BOLT', '7129907050', '2.25', '802')
2017-07-01 14:29:40.318 [main] DEBUG a00904649.Bcmc - insert into Inventory values('Yamaha+Bolt', 'ASA-BOLT', '7129907050', '2.25', '802')
2017-07-01 14:29:40.320 [main] DEBUG a00904649.database.dao.InventoryDao - insert into Inventory values('Honda+CB1100', 'BALANCE ROD WITH ROCKER', '1277702426', '666.03', '0')
2017-07-01 14:29:40.320 [main] DEBUG a00904649.Bcmc - insert into Inventory values('Honda+CB1100', 'BALANCE ROD WITH ROCKER', '1277702426', '666.03', '0')
2017-07-01 14:29:40.323 [main] DEBUG a00904649.database.dao.InventoryDao - insert into Inventory values('BMW+R75/5', 'BALL PIN', '7147202359', '3.49', '20')
2017-07-01 14:29:40.323 [main] DEBUG a00904649.Bcmc - insert into Inventory values('BMW+R75/5', 'BALL PIN', '7147202359', '3.49', '20')
2017-07-01 14:29:40.325 [main] DEBUG a00904649.database.dao.InventoryDao - insert into Inventory values('Triumph+Tiger', 'BEARING SHELL', '1277690501', '40.95', '18')
2017-07-01 14:29:40.325 [main] DEBUG a00904649.Bcmc - insert into Inventory values('Triumph+Tiger', 'BEARING SHELL', '1277690501', '40.95', '18')
2017-07-01 14:29:40.328 [main] DEBUG a00904649.database.dao.InventoryDao - insert into Inventory values('Harley Davidson+Sportster', 'BELT PULLEY', '7727706466', '512.92', '1')
2017-07-01 14:29:40.328 [main] DEBUG a00904649.Bcmc - insert into Inventory values('Harley Davidson+Sportster', 'BELT PULLEY', '7727706466', '512.92', '1')
2017-07-01 14:29:40.330 [main] DEBUG a00904649.database.dao.InventoryDao - insert into Inventory values('Honda+CB1100', 'BELT WHEEL, REAR', '7727678299', '569.65', '2')
2017-07-01 14:29:40.331 [main] DEBUG a00904649.Bcmc - insert into Inventory values('Honda+CB1100', 'BELT WHEEL, REAR', '7727678299', '569.65', '2')
2017-07-01 14:29:40.333 [main] DEBUG a00904649.database.dao.InventoryDao - insert into Inventory values('Suzuki+V-Strom', 'BELTGUARD BOTTOM INT', '6628526813', '41.52', '6')
2017-07-01 14:29:40.333 [main] DEBUG a00904649.Bcmc - insert into Inventory values('Suzuki+V-Strom', 'BELTGUARD BOTTOM INT', '6628526813', '41.52', '6')
2017-07-01 14:29:40.335 [main] DEBUG a00904649.database.dao.InventoryDao - insert into Inventory values('Yamaha+Bolt', 'BELTGUARD, BOTTOM EXT', '6628526814', '25.64', '59')
2017-07-01 14:29:40.335 [main] DEBUG a00904649.Bcmc - insert into Inventory values('Yamaha+Bolt', 'BELTGUARD, BOTTOM EXT', '6628526814', '25.64', '59')
2017-07-01 14:29:40.337 [main] DEBUG a00904649.database.dao.InventoryDao - insert into Inventory values('Ducati+Monster 696', 'BELTGUARD, TOP EXTERIOR', '7727686588', '27.73', '39')
2017-07-01 14:29:40.337 [main] DEBUG a00904649.Bcmc - insert into Inventory values('Ducati+Monster 696', 'BELTGUARD, TOP EXTERIOR', '7727686588', '27.73', '39')
2017-07-01 14:29:40.339 [main] DEBUG a00904649.database.dao.InventoryDao - insert into Inventory values('Harley Davidson+Sportster', 'BINDING HEAD SCREW', '6627711971', '1.59', '1038')
2017-07-01 14:29:40.340 [main] DEBUG a00904649.Bcmc - insert into Inventory values('Harley Davidson+Sportster', 'BINDING HEAD SCREW', '6627711971', '1.59', '1038')
2017-07-01 14:29:40.343 [main] DEBUG a00904649.database.dao.InventoryDao - insert into Inventory values('Triumph+Tiger', 'BOLT', '1277722182', '89.54', '10')
2017-07-01 14:29:40.343 [main] DEBUG a00904649.Bcmc - insert into Inventory values('Triumph+Tiger', 'BOLT', '1277722182', '89.54', '10')
2017-07-01 14:29:40.345 [main] DEBUG a00904649.database.dao.InventoryDao - insert into Inventory values('Ducati+Monster 696', 'BOWDEN CAB ADJUSTMENT SCREW', '32727678100', '18.31', '20')
2017-07-01 14:29:40.345 [main] DEBUG a00904649.Bcmc - insert into Inventory values('Ducati+Monster 696', 'BOWDEN CAB ADJUSTMENT SCREW', '32727678100', '18.31', '20')
2017-07-01 14:29:40.347 [main] DEBUG a00904649.database.dao.InventoryDao - insert into Inventory values('Harley Davidson+Sportster', 'BRACKET', '1427653150', '40.95', '48')
2017-07-01 14:29:40.347 [main] DEBUG a00904649.Bcmc - insert into Inventory values('Harley Davidson+Sportster', 'BRACKET', '1427653150', '40.95', '48')
2017-07-01 14:29:40.350 [main] DEBUG a00904649.database.dao.InventoryDao - insert into Inventory values('BMW+R75/5', 'BRACKET, GENERATOR REGULATOR', '1317690871', '28.62', '34')
2017-07-01 14:29:40.350 [main] DEBUG a00904649.Bcmc - insert into Inventory values('BMW+R75/5', 'BRACKET, GENERATOR REGULATOR', '1317690871', '28.62', '34')
2017-07-01 14:29:40.352 [main] DEBUG a00904649.database.dao.InventoryDao - insert into Inventory values('Honda+CB1100', 'BULB', '3217169203', '5.15', '114')
2017-07-01 14:29:40.352 [main] DEBUG a00904649.Bcmc - insert into Inventory values('Honda+CB1100', 'BULB', '3217169203', '5.15', '114')
2017-07-01 14:29:40.355 [main] DEBUG a00904649.database.dao.InventoryDao - insert into Inventory values('Ducati+Monster 696', 'BUSHING', '3417680761', '9.32', '201')
2017-07-01 14:29:40.355 [main] DEBUG a00904649.Bcmc - insert into Inventory values('Ducati+Monster 696', 'BUSHING', '3417680761', '9.32', '201')
2017-07-01 14:29:40.357 [main] DEBUG a00904649.database.dao.InventoryDao - insert into Inventory values('Yamaha+Bolt', 'CIRCLIP', '7119901545', '2.09', '600')
2017-07-01 14:29:40.357 [main] DEBUG a00904649.Bcmc - insert into Inventory values('Yamaha+Bolt', 'CIRCLIP', '7119901545', '2.09', '600')
2017-07-01 14:29:40.359 [main] DEBUG a00904649.database.dao.InventoryDao - insert into Inventory values('Ducati+Monster 696', 'CLAMP WITH MIRROR MOUNT', '32728533246', '30.02', '44')
2017-07-01 14:29:40.359 [main] DEBUG a00904649.Bcmc - insert into Inventory values('Ducati+Monster 696', 'CLAMP WITH MIRROR MOUNT', '32728533246', '30.02', '44')
2017-07-01 14:29:40.361 [main] DEBUG a00904649.database.dao.InventoryDao - insert into Inventory values('Triumph+Tiger', 'CLIP NUT', '1127070202', '1.11', '257')
2017-07-01 14:29:40.361 [main] DEBUG a00904649.Bcmc - insert into Inventory values('Triumph+Tiger', 'CLIP NUT', '1127070202', '1.11', '257')
2017-07-01 14:29:40.363 [main] DEBUG a00904649.database.dao.InventoryDao - insert into Inventory values('BMW+R75/5', 'CLUTCH LEVER', '32727705606', '99.72', '17')
2017-07-01 14:29:40.363 [main] DEBUG a00904649.Bcmc - insert into Inventory values('BMW+R75/5', 'CLUTCH LEVER', '32727705606', '99.72', '17')
2017-07-01 14:29:40.366 [main] DEBUG a00904649.database.dao.InventoryDao - insert into Inventory values('Ducati+Monster 696', 'CLUTCH LEVER ASSEMBLY, ADJUS', '32728523463', '193.37', '7')
2017-07-01 14:29:40.366 [main] DEBUG a00904649.Bcmc - insert into Inventory values('Ducati+Monster 696', 'CLUTCH LEVER ASSEMBLY, ADJUS', '32728523463', '193.37', '7')
2017-07-01 14:29:40.368 [main] DEBUG a00904649.database.dao.InventoryDao - insert into Inventory values('BMW+R75/5', 'COLLAR BUSH', '6717700591', '13.85', '19')
2017-07-01 14:29:40.368 [main] DEBUG a00904649.Bcmc - insert into Inventory values('BMW+R75/5', 'COLLAR BUSH', '6717700591', '13.85', '19')
2017-07-01 14:29:40.370 [main] DEBUG a00904649.database.dao.InventoryDao - insert into Inventory values('Yamaha+Bolt', 'COLLAR SCREW', '7727689584', '7.26', '4')
2017-07-01 14:29:40.370 [main] DEBUG a00904649.Bcmc - insert into Inventory values('Yamaha+Bolt', 'COLLAR SCREW', '7727689584', '7.26', '4')
2017-07-01 14:29:40.373 [main] DEBUG a00904649.database.dao.InventoryDao - insert into Inventory values('Suzuki+V-Strom', 'CONNECTING ROD BEARING', '1247690500', '32.75', '73')
2017-07-01 14:29:40.373 [main] DEBUG a00904649.Bcmc - insert into Inventory values('Suzuki+V-Strom', 'CONNECTING ROD BEARING', '1247690500', '32.75', '73')
2017-07-01 14:29:40.376 [main] DEBUG a00904649.database.dao.InventoryDao - insert into Inventory values('Yamaha+Bolt', 'CONNECTING ROD BOLT', '1277688360', '17.81', '82')
2017-07-01 14:29:40.376 [main] DEBUG a00904649.Bcmc - insert into Inventory values('Yamaha+Bolt', 'CONNECTING ROD BOLT', '1277688360', '17.81', '82')
2017-07-01 14:29:40.379 [main] DEBUG a00904649.database.dao.InventoryDao - insert into Inventory values('Suzuki+V-Strom', 'CONNECTING ROD BOLT', '1247688359', '15.76', '167')
2017-07-01 14:29:40.379 [main] DEBUG a00904649.Bcmc - insert into Inventory values('Suzuki+V-Strom', 'CONNECTING ROD BOLT', '1247688359', '15.76', '167')
2017-07-01 14:29:40.381 [main] DEBUG a00904649.database.dao.InventoryDao - insert into Inventory values('Triumph+Tiger', 'CONNECTING ROD WITH BUSHING', '1248542008', '178.35', '6')
2017-07-01 14:29:40.382 [main] DEBUG a00904649.Bcmc - insert into Inventory values('Triumph+Tiger', 'CONNECTING ROD WITH BUSHING', '1248542008', '178.35', '6')
2017-07-01 14:29:40.384 [main] DEBUG a00904649.database.dao.InventoryDao - insert into Inventory values('Suzuki+V-Strom', 'CONNECTION CABLE', '1127699594', '16.31', '26')
2017-07-01 14:29:40.384 [main] DEBUG a00904649.Bcmc - insert into Inventory values('Suzuki+V-Strom', 'CONNECTION CABLE', '1127699594', '16.31', '26')
2017-07-01 14:29:40.386 [main] DEBUG a00904649.database.dao.InventoryDao - insert into Inventory values('Honda+CB1100', 'COUNTER NUT', '32727678101', '7.15', '15')
2017-07-01 14:29:40.386 [main] DEBUG a00904649.Bcmc - insert into Inventory values('Honda+CB1100', 'COUNTER NUT', '32727678101', '7.15', '15')
2017-07-01 14:29:40.388 [main] DEBUG a00904649.database.dao.InventoryDao - insert into Inventory values('Triumph+Tiger', 'COUNTERSUNK HEAD SCREW', '32727673989', '5.34', '262')
2017-07-01 14:29:40.388 [main] DEBUG a00904649.Bcmc - insert into Inventory values('Triumph+Tiger', 'COUNTERSUNK HEAD SCREW', '32727673989', '5.34', '262')
2017-07-01 14:29:40.390 [main] DEBUG a00904649.database.dao.InventoryDao - insert into Inventory values('Yamaha+Bolt', 'COVER FOR FUEL PUMP', '6147693055', '28.64', '36')
2017-07-01 14:29:40.390 [main] DEBUG a00904649.Bcmc - insert into Inventory values('Yamaha+Bolt', 'COVER FOR FUEL PUMP', '6147693055', '28.64', '36')
2017-07-01 14:29:40.392 [main] DEBUG a00904649.database.dao.InventoryDao - insert into Inventory values('Harley Davidson+Sportster', 'FEED PIPE', '6147708313', '41.22', '10')
2017-07-01 14:29:40.392 [main] DEBUG a00904649.Bcmc - insert into Inventory values('Harley Davidson+Sportster', 'FEED PIPE', '6147708313', '41.22', '10')
2017-07-01 14:29:40.395 [main] DEBUG a00904649.database.dao.InventoryDao - insert into Inventory values('BMW+R75/5', 'FILLISTER HEAD SCREW', '1117653180', '2.57', '1134')
2017-07-01 14:29:40.395 [main] DEBUG a00904649.Bcmc - insert into Inventory values('BMW+R75/5', 'FILLISTER HEAD SCREW', '1117653180', '2.57', '1134')
2017-07-01 14:29:40.397 [main] DEBUG a00904649.database.dao.InventoryDao - insert into Inventory values('Triumph+Tiger', 'FILLISTER-HEAD SCREW', '32722333066', '3.14', '248')
2017-07-01 14:29:40.397 [main] DEBUG a00904649.Bcmc - insert into Inventory values('Triumph+Tiger', 'FILLISTER-HEAD SCREW', '32722333066', '3.14', '248')
2017-07-01 14:29:40.399 [main] DEBUG a00904649.database.dao.InventoryDao - insert into Inventory values('Honda+CB1100', 'FLAT NUT', '6637659955', '2.45', '583')
2017-07-01 14:29:40.399 [main] DEBUG a00904649.Bcmc - insert into Inventory values('Honda+CB1100', 'FLAT NUT', '6637659955', '2.45', '583')
2017-07-01 14:29:40.402 [main] DEBUG a00904649.database.dao.InventoryDao - insert into Inventory values('Ducati+Monster 696', 'FOOTPEG PLATE RIGHT', '6718534960', '319.95', '5')
2017-07-01 14:29:40.402 [main] DEBUG a00904649.Bcmc - insert into Inventory values('Ducati+Monster 696', 'FOOTPEG PLATE RIGHT', '6718534960', '319.95', '5')
2017-07-01 14:29:40.404 [main] DEBUG a00904649.database.dao.InventoryDao - insert into Inventory values('Suzuki+V-Strom', 'FOOTREST PLATE LEFT', '6718534959', '331.18', '7')
2017-07-01 14:29:40.404 [main] DEBUG a00904649.Bcmc - insert into Inventory values('Suzuki+V-Strom', 'FOOTREST PLATE LEFT', '6718534959', '331.18', '7')
2017-07-01 14:29:40.407 [main] DEBUG a00904649.database.dao.InventoryDao - insert into Inventory values('BMW+R75/5', 'FOOTREST, LEFT', '6717700913', '80.31', '13')
2017-07-01 14:29:40.407 [main] DEBUG a00904649.Bcmc - insert into Inventory values('BMW+R75/5', 'FOOTREST, LEFT', '6717700913', '80.31', '13')
2017-07-01 14:29:40.410 [main] DEBUG a00904649.database.dao.InventoryDao - insert into Inventory values('Honda+CB1100', 'FOOTREST, RIGHT', '6717700914', '80.31', '1')
2017-07-01 14:29:40.410 [main] DEBUG a00904649.Bcmc - insert into Inventory values('Honda+CB1100', 'FOOTREST, RIGHT', '6717700914', '80.31', '1')
2017-07-01 14:29:40.412 [main] DEBUG a00904649.database.dao.InventoryDao - insert into Inventory values('Suzuki+V-Strom', 'FUEL PUMP UNIT WITH LEVER SE', '6147723935', '504.35', '1')
2017-07-01 14:29:40.412 [main] DEBUG a00904649.Bcmc - insert into Inventory values('Suzuki+V-Strom', 'FUEL PUMP UNIT WITH LEVER SE', '6147723935', '504.35', '1')
2017-07-01 14:29:40.414 [main] DEBUG a00904649.database.dao.InventoryDao - insert into Inventory values('BMW+R75/5', 'FUEL PUMP, ELECTRONIC', '6148523262', '192.86', '8')
2017-07-01 14:29:40.414 [main] DEBUG a00904649.Bcmc - insert into Inventory values('BMW+R75/5', 'FUEL PUMP, ELECTRONIC', '6148523262', '192.86', '8')
2017-07-01 14:29:40.417 [main] DEBUG a00904649.database.dao.InventoryDao - insert into Inventory values('Suzuki+V-Strom', 'GASKET', '6117677883', '11.23', '15')
2017-07-01 14:29:40.417 [main] DEBUG a00904649.Bcmc - insert into Inventory values('Suzuki+V-Strom', 'GASKET', '6117677883', '11.23', '15')
2017-07-01 14:29:40.419 [main] DEBUG a00904649.database.dao.InventoryDao - insert into Inventory values('Triumph+Tiger', 'HEAT EXCHANGER, BLACK', '1538524136', '195.02', '1')
2017-07-01 14:29:40.419 [main] DEBUG a00904649.Bcmc - insert into Inventory values('Triumph+Tiger', 'HEAT EXCHANGER, BLACK', '1538524136', '195.02', '1')
2017-07-01 14:29:40.421 [main] DEBUG a00904649.database.dao.InventoryDao - insert into Inventory values('Honda+CB1100', 'HEX NUT', '7119904920', '2.37', '465')
2017-07-01 14:29:40.422 [main] DEBUG a00904649.Bcmc - insert into Inventory values('Honda+CB1100', 'HEX NUT', '7119904920', '2.37', '465')
2017-07-01 14:29:40.424 [main] DEBUG a00904649.database.dao.InventoryDao - insert into Inventory values('Harley Davidson+Sportster', 'HOSE', '7217686971', '7.79', '279')
2017-07-01 14:29:40.424 [main] DEBUG a00904649.Bcmc - insert into Inventory values('Harley Davidson+Sportster', 'HOSE', '7217686971', '7.79', '279')
2017-07-01 14:29:40.426 [main] DEBUG a00904649.database.dao.InventoryDao - insert into Inventory values('Harley Davidson+Sportster', 'HOSE CLAMP', '1731277848', '6.14', '264')
2017-07-01 14:29:40.426 [main] DEBUG a00904649.Bcmc - insert into Inventory values('Harley Davidson+Sportster', 'HOSE CLAMP', '1731277848', '6.14', '264')
2017-07-01 14:29:40.428 [main] DEBUG a00904649.database.dao.InventoryDao - insert into Inventory values('BMW+R75/5', 'HOSE RUNNING METER', '3547709426', '35.56', '18')
2017-07-01 14:29:40.428 [main] DEBUG a00904649.Bcmc - insert into Inventory values('BMW+R75/5', 'HOSE RUNNING METER', '3547709426', '35.56', '18')
2017-07-01 14:29:40.430 [main] DEBUG a00904649.database.dao.InventoryDao - insert into Inventory values('Suzuki+V-Strom', 'ISA SCREW', '7129907374', '5.61', '198')
2017-07-01 14:29:40.430 [main] DEBUG a00904649.Bcmc - insert into Inventory values('Suzuki+V-Strom', 'ISA SCREW', '7129907374', '5.61', '198')
2017-07-01 14:29:40.432 [main] DEBUG a00904649.database.dao.InventoryDao - insert into Inventory values('Ducati+Monster 696', 'ISA SCREW', '7129907375', '5.02', '444')
2017-07-01 14:29:40.432 [main] DEBUG a00904649.Bcmc - insert into Inventory values('Ducati+Monster 696', 'ISA SCREW', '7129907375', '5.02', '444')
2017-07-01 14:29:40.434 [main] DEBUG a00904649.database.dao.InventoryDao - insert into Inventory values('Triumph+Tiger', 'ISA SCREW', '7129905601', '3.53', '935')
2017-07-01 14:29:40.434 [main] DEBUG a00904649.Bcmc - insert into Inventory values('Triumph+Tiger', 'ISA SCREW', '7129905601', '3.53', '935')
2017-07-01 14:29:40.436 [main] DEBUG a00904649.database.dao.InventoryDao - insert into Inventory values('Harley Davidson+Sportster', 'ISA SCREW', '7129904260', '3.44', '580')
2017-07-01 14:29:40.436 [main] DEBUG a00904649.Bcmc - insert into Inventory values('Harley Davidson+Sportster', 'ISA SCREW', '7129904260', '3.44', '580')
2017-07-01 14:29:40.438 [main] DEBUG a00904649.database.dao.InventoryDao - insert into Inventory values('Honda+CB1100', 'ISA SCREW', '7129904261', '3.44', '323')
2017-07-01 14:29:40.438 [main] DEBUG a00904649.Bcmc - insert into Inventory values('Honda+CB1100', 'ISA SCREW', '7129904261', '3.44', '323')
2017-07-01 14:29:40.440 [main] DEBUG a00904649.database.dao.InventoryDao - insert into Inventory values('Ducati+Monster 696', 'ISA SCREW', '7129906038', '3.43', '163')
2017-07-01 14:29:40.440 [main] DEBUG a00904649.Bcmc - insert into Inventory values('Ducati+Monster 696', 'ISA SCREW', '7129906038', '3.43', '163')
2017-07-01 14:29:40.442 [main] DEBUG a00904649.database.dao.InventoryDao - insert into Inventory values('Yamaha+Bolt', 'ISA SCREW', '7129905769', '2.63', '523')
2017-07-01 14:29:40.443 [main] DEBUG a00904649.Bcmc - insert into Inventory values('Yamaha+Bolt', 'ISA SCREW', '7129905769', '2.63', '523')
2017-07-01 14:29:40.445 [main] DEBUG a00904649.database.dao.InventoryDao - insert into Inventory values('BMW+R75/5', 'ISA SCREW', '7129904700', '2.48', '795')
2017-07-01 14:29:40.445 [main] DEBUG a00904649.Bcmc - insert into Inventory values('BMW+R75/5', 'ISA SCREW', '7129904700', '2.48', '795')
2017-07-01 14:29:40.447 [main] DEBUG a00904649.database.dao.InventoryDao - insert into Inventory values('BMW+R75/5', 'ISA SCREW', '7129903807', '2.27', '663')
2017-07-01 14:29:40.447 [main] DEBUG a00904649.Bcmc - insert into Inventory values('BMW+R75/5', 'ISA SCREW', '7129903807', '2.27', '663')
2017-07-01 14:29:40.449 [main] DEBUG a00904649.database.dao.InventoryDao - insert into Inventory values('Triumph+Tiger', 'ISA SCREW WITH WASHER', '7129905537', '2.68', '281')
2017-07-01 14:29:40.449 [main] DEBUG a00904649.Bcmc - insert into Inventory values('Triumph+Tiger', 'ISA SCREW WITH WASHER', '7129905537', '2.68', '281')
2017-07-01 14:29:40.452 [main] DEBUG a00904649.database.dao.InventoryDao - insert into Inventory values('BMW+R75/5', 'LAMP LENS', '3138534351', '18.62', '44')
2017-07-01 14:29:40.452 [main] DEBUG a00904649.Bcmc - insert into Inventory values('BMW+R75/5', 'LAMP LENS', '3138534351', '18.62', '44')
2017-07-01 14:29:40.454 [main] DEBUG a00904649.database.dao.InventoryDao - insert into Inventory values('Suzuki+V-Strom', 'LAMP LENS', '3138534350', '18.61', '61')
2017-07-01 14:29:40.454 [main] DEBUG a00904649.Bcmc - insert into Inventory values('Suzuki+V-Strom', 'LAMP LENS', '3138534350', '18.61', '61')
2017-07-01 14:29:40.456 [main] DEBUG a00904649.database.dao.InventoryDao - insert into Inventory values('Suzuki+V-Strom', 'MICROSWITCH', '61317671111', '36.42', '24')
2017-07-01 14:29:40.456 [main] DEBUG a00904649.Bcmc - insert into Inventory values('Suzuki+V-Strom', 'MICROSWITCH', '61317671111', '36.42', '24')
2017-07-01 14:29:40.458 [main] DEBUG a00904649.database.dao.InventoryDao - insert into Inventory values('Honda+CB1100', 'NIPPLE', '1447687378', '37.75', '2')
2017-07-01 14:29:40.458 [main] DEBUG a00904649.Bcmc - insert into Inventory values('Honda+CB1100', 'NIPPLE', '1447687378', '37.75', '2')
2017-07-01 14:29:40.460 [main] DEBUG a00904649.database.dao.InventoryDao - insert into Inventory values('Yamaha+Bolt', 'O-RING', '1447687367', '2.18', '830')
2017-07-01 14:29:40.460 [main] DEBUG a00904649.Bcmc - insert into Inventory values('Yamaha+Bolt', 'O-RING', '1447687367', '2.18', '830')
2017-07-01 14:29:40.462 [main] DEBUG a00904649.database.dao.InventoryDao - insert into Inventory values('Suzuki+V-Strom', 'O-RING', '1117694729', '1.72', '297')
2017-07-01 14:29:40.462 [main] DEBUG a00904649.Bcmc - insert into Inventory values('Suzuki+V-Strom', 'O-RING', '1117694729', '1.72', '297')
2017-07-01 14:29:40.464 [main] DEBUG a00904649.database.dao.InventoryDao - insert into Inventory values('Harley Davidson+Sportster', 'OIL FILTER, BLACK', '1427719357', '15.09', '175')
2017-07-01 14:29:40.465 [main] DEBUG a00904649.Bcmc - insert into Inventory values('Harley Davidson+Sportster', 'OIL FILTER, BLACK', '1427719357', '15.09', '175')
2017-07-01 14:29:40.467 [main] DEBUG a00904649.database.dao.InventoryDao - insert into Inventory values('Ducati+Monster 696', 'OVAL HEAD SCREW', '4117672808', '2.95', '325')
2017-07-01 14:29:40.467 [main] DEBUG a00904649.Bcmc - insert into Inventory values('Ducati+Monster 696', 'OVAL HEAD SCREW', '4117672808', '2.95', '325')
2017-07-01 14:29:40.469 [main] DEBUG a00904649.database.dao.InventoryDao - insert into Inventory values('Suzuki+V-Strom', 'PIN', '6717668644', '10.51', '47')
2017-07-01 14:29:40.469 [main] DEBUG a00904649.Bcmc - insert into Inventory values('Suzuki+V-Strom', 'PIN', '6717668644', '10.51', '47')
2017-07-01 14:29:40.471 [main] DEBUG a00904649.database.dao.InventoryDao - insert into Inventory values('Triumph+Tiger', 'PLASTIC BUSH', '5417674080', '2.14', '163')
2017-07-01 14:29:40.471 [main] DEBUG a00904649.Bcmc - insert into Inventory values('Triumph+Tiger', 'PLASTIC BUSH', '5417674080', '2.14', '163')
2017-07-01 14:29:40.473 [main] DEBUG a00904649.database.dao.InventoryDao - insert into Inventory values('Ducati+Monster 696', 'PREFORMED SEAL', '1447687365', '8.16', '66')
2017-07-01 14:29:40.473 [main] DEBUG a00904649.Bcmc - insert into Inventory values('Ducati+Monster 696', 'PREFORMED SEAL', '1447687365', '8.16', '66')
2017-07-01 14:29:40.475 [main] DEBUG a00904649.database.dao.InventoryDao - insert into Inventory values('Ducati+Monster 696', 'REPAIR KIT FOR JERK DAMPER', '7727711036', '108.88', '9')
2017-07-01 14:29:40.475 [main] DEBUG a00904649.Bcmc - insert into Inventory values('Ducati+Monster 696', 'REPAIR KIT FOR JERK DAMPER', '7727711036', '108.88', '9')
2017-07-01 14:29:40.478 [main] DEBUG a00904649.database.dao.InventoryDao - insert into Inventory values('Honda+CB1100', 'RETAINER SPRING', '6717660163', '4.08', '138')
2017-07-01 14:29:40.478 [main] DEBUG a00904649.Bcmc - insert into Inventory values('Honda+CB1100', 'RETAINER SPRING', '6717660163', '4.08', '138')
2017-07-01 14:29:40.480 [main] DEBUG a00904649.database.dao.InventoryDao - insert into Inventory values('Triumph+Tiger', 'RING', '1427677987', '3.51', '291')
2017-07-01 14:29:40.480 [main] DEBUG a00904649.Bcmc - insert into Inventory values('Triumph+Tiger', 'RING', '1427677987', '3.51', '291')
2017-07-01 14:29:40.483 [main] DEBUG a00904649.database.dao.InventoryDao - insert into Inventory values('Suzuki+V-Strom', 'ROLL PIN', '1412343108', '7.44', '114')
2017-07-01 14:29:40.483 [main] DEBUG a00904649.Bcmc - insert into Inventory values('Suzuki+V-Strom', 'ROLL PIN', '1412343108', '7.44', '114')
2017-07-01 14:29:40.485 [main] DEBUG a00904649.database.dao.InventoryDao - insert into Inventory values('Yamaha+Bolt', 'SAFETY CLIP', '7119987611', '1.82', '593')
2017-07-01 14:29:40.485 [main] DEBUG a00904649.Bcmc - insert into Inventory values('Yamaha+Bolt', 'SAFETY CLIP', '7119987611', '1.82', '593')
2017-07-01 14:29:40.488 [main] DEBUG a00904649.database.dao.InventoryDao - insert into Inventory values('Triumph+Tiger', 'SCREW', '6147713360', '0.99', '242')
2017-07-01 14:29:40.488 [main] DEBUG a00904649.Bcmc - insert into Inventory values('Triumph+Tiger', 'SCREW', '6147713360', '0.99', '242')
2017-07-01 14:29:40.490 [main] DEBUG a00904649.database.dao.InventoryDao - insert into Inventory values('Suzuki+V-Strom', 'SCREW CAP', '6116760285', '10.31', '114')
2017-07-01 14:29:40.490 [main] DEBUG a00904649.Bcmc - insert into Inventory values('Suzuki+V-Strom', 'SCREW CAP', '6116760285', '10.31', '114')
2017-07-01 14:29:40.492 [main] DEBUG a00904649.database.dao.InventoryDao - insert into Inventory values('BMW+R75/5', 'SCREW PLUG', '1447687368', '2.72', '135')
2017-07-01 14:29:40.492 [main] DEBUG a00904649.Bcmc - insert into Inventory values('BMW+R75/5', 'SCREW PLUG', '1447687368', '2.72', '135')
2017-07-01 14:29:40.494 [main] DEBUG a00904649.database.dao.InventoryDao - insert into Inventory values('Triumph+Tiger', 'SELECTOR ROD', '3418522956', '47.78', '21')
2017-07-01 14:29:40.494 [main] DEBUG a00904649.Bcmc - insert into Inventory values('Triumph+Tiger', 'SELECTOR ROD', '3418522956', '47.78', '21')
2017-07-01 14:29:40.496 [main] DEBUG a00904649.database.dao.InventoryDao - insert into Inventory values('Ducati+Monster 696', 'SELF-LOCKING HEX NUT', '32727680378', '3.78', '238')
2017-07-01 14:29:40.497 [main] DEBUG a00904649.Bcmc - insert into Inventory values('Ducati+Monster 696', 'SELF-LOCKING HEX NUT', '32727680378', '3.78', '238')
2017-07-01 14:29:40.499 [main] DEBUG a00904649.database.dao.InventoryDao - insert into Inventory values('BMW+R75/5', 'SHEET METAL SCREW', '7119906189', '1.02', '686')
2017-07-01 14:29:40.499 [main] DEBUG a00904649.Bcmc - insert into Inventory values('BMW+R75/5', 'SHEET METAL SCREW', '7119906189', '1.02', '686')
2017-07-01 14:29:40.502 [main] DEBUG a00904649.database.dao.InventoryDao - insert into Inventory values('Triumph+Tiger', 'SHIFT LEVER, SILVER', '3417688853', '169.15', '5')
2017-07-01 14:29:40.502 [main] DEBUG a00904649.Bcmc - insert into Inventory values('Triumph+Tiger', 'SHIFT LEVER, SILVER', '3417688853', '169.15', '5')
2017-07-01 14:29:40.505 [main] DEBUG a00904649.database.dao.InventoryDao - insert into Inventory values('Suzuki+V-Strom', 'SHIFT LEVER, SILVER', '3417689019', '83.95', '6')
2017-07-01 14:29:40.505 [main] DEBUG a00904649.Bcmc - insert into Inventory values('Suzuki+V-Strom', 'SHIFT LEVER, SILVER', '3417689019', '83.95', '6')
2017-07-01 14:29:40.507 [main] DEBUG a00904649.database.dao.InventoryDao - insert into Inventory values('Honda+CB1100', 'SLEEVE', '32727673990', '9.05', '53')
2017-07-01 14:29:40.507 [main] DEBUG a00904649.Bcmc - insert into Inventory values('Honda+CB1100', 'SLEEVE', '32727673990', '9.05', '53')
2017-07-01 14:29:40.510 [main] DEBUG a00904649.database.dao.InventoryDao - insert into Inventory values('Yamaha+Bolt', 'SLEEVE', '1427677988', '2.42', '40')
2017-07-01 14:29:40.511 [main] DEBUG a00904649.Bcmc - insert into Inventory values('Yamaha+Bolt', 'SLEEVE', '1427677988', '2.42', '40')
2017-07-01 14:29:40.513 [main] DEBUG a00904649.database.dao.InventoryDao - insert into Inventory values('Suzuki+V-Strom', 'SPRING RING SHELL', '7127696377', '5.09', '269')
2017-07-01 14:29:40.513 [main] DEBUG a00904649.Bcmc - insert into Inventory values('Suzuki+V-Strom', 'SPRING RING SHELL', '7127696377', '5.09', '269')
2017-07-01 14:29:40.515 [main] DEBUG a00904649.database.dao.InventoryDao - insert into Inventory values('Ducati+Monster 696', 'STEERING DAMPER', '1427653149', '388.09', '5')
2017-07-01 14:29:40.515 [main] DEBUG a00904649.Bcmc - insert into Inventory values('Ducati+Monster 696', 'STEERING DAMPER', '1427653149', '388.09', '5')
2017-07-01 14:29:40.517 [main] DEBUG a00904649.database.dao.InventoryDao - insert into Inventory values('Honda+CB1100', 'STOPPER', '6712330765', '8.03', '84')
2017-07-01 14:29:40.517 [main] DEBUG a00904649.Bcmc - insert into Inventory values('Honda+CB1100', 'STOPPER', '6712330765', '8.03', '84')
2017-07-01 14:29:40.519 [main] DEBUG a00904649.database.dao.InventoryDao - insert into Inventory values('Yamaha+Bolt', 'STRAINER', '6147708314', '80.28', '5')
2017-07-01 14:29:40.519 [main] DEBUG a00904649.Bcmc - insert into Inventory values('Yamaha+Bolt', 'STRAINER', '6147708314', '80.28', '5')
2017-07-01 14:29:40.521 [main] DEBUG a00904649.database.dao.InventoryDao - insert into Inventory values('BMW+R75/5', 'SUPPORTING RING', '6141182903', '9.87', '104')
2017-07-01 14:29:40.521 [main] DEBUG a00904649.Bcmc - insert into Inventory values('BMW+R75/5', 'SUPPORTING RING', '6141182903', '9.87', '104')
2017-07-01 14:29:40.523 [main] DEBUG a00904649.database.dao.InventoryDao - insert into Inventory values('Suzuki+V-Strom', 'TOOTH BELT', '3838521719', '510.12', '3')
2017-07-01 14:29:40.523 [main] DEBUG a00904649.Bcmc - insert into Inventory values('Suzuki+V-Strom', 'TOOTH BELT', '3838521719', '510.12', '3')
2017-07-01 14:29:40.525 [main] DEBUG a00904649.database.dao.InventoryDao - insert into Inventory values('Yamaha+Bolt', 'TORX BOLT', '2317707433', '2.57', '646')
2017-07-01 14:29:40.525 [main] DEBUG a00904649.Bcmc - insert into Inventory values('Yamaha+Bolt', 'TORX BOLT', '2317707433', '2.57', '646')
2017-07-01 14:29:40.527 [main] DEBUG a00904649.database.dao.InventoryDao - insert into Inventory values('Suzuki+V-Strom', 'TORX BOLT', '3007690404', '2.14', '1465')
2017-07-01 14:29:40.528 [main] DEBUG a00904649.Bcmc - insert into Inventory values('Suzuki+V-Strom', 'TORX BOLT', '3007690404', '2.14', '1465')
2017-07-01 14:29:40.530 [main] DEBUG a00904649.database.dao.InventoryDao - insert into Inventory values('Triumph+Tiger', 'TURN INDICATOR', '3138534352', '72.05', '19')
2017-07-01 14:29:40.530 [main] DEBUG a00904649.Bcmc - insert into Inventory values('Triumph+Tiger', 'TURN INDICATOR', '3138534352', '72.05', '19')
2017-07-01 14:29:40.533 [main] DEBUG a00904649.database.dao.InventoryDao - insert into Inventory values('Yamaha+Bolt', 'TURN INDICATOR', '3138534353', '72.05', '5')
2017-07-01 14:29:40.533 [main] DEBUG a00904649.Bcmc - insert into Inventory values('Yamaha+Bolt', 'TURN INDICATOR', '3138534353', '72.05', '5')
2017-07-01 14:29:40.535 [main] DEBUG a00904649.database.dao.InventoryDao - insert into Inventory values('Honda+CB1100', 'VOLTAGE REGULATOR', '1312346550', '188.76', '8')
2017-07-01 14:29:40.536 [main] DEBUG a00904649.Bcmc - insert into Inventory values('Honda+CB1100', 'VOLTAGE REGULATOR', '1312346550', '188.76', '8')
2017-07-01 14:29:40.538 [main] DEBUG a00904649.database.dao.InventoryDao - insert into Inventory values('Triumph+Tiger', 'WASHER', '7727706469', '19.85', '27')
2017-07-01 14:29:40.538 [main] DEBUG a00904649.Bcmc - insert into Inventory values('Triumph+Tiger', 'WASHER', '7727706469', '19.85', '27')
2017-07-01 14:29:40.540 [main] DEBUG a00904649.database.dao.InventoryDao - insert into Inventory values('Honda+CB1100', 'WASHER', '7119907030', '6.95', '71')
2017-07-01 14:29:40.540 [main] DEBUG a00904649.Bcmc - insert into Inventory values('Honda+CB1100', 'WASHER', '7119907030', '6.95', '71')
2017-07-01 14:29:40.544 [main] DEBUG a00904649.database.dao.InventoryDao - insert into Inventory values('Yamaha+Bolt', 'WASHER', '7119904164', '2.95', '380')
2017-07-01 14:29:40.544 [main] DEBUG a00904649.Bcmc - insert into Inventory values('Yamaha+Bolt', 'WASHER', '7119904164', '2.95', '380')
2017-07-01 14:29:40.546 [main] DEBUG a00904649.database.dao.InventoryDao - insert into Inventory values('BMW+R75/5', 'WOODRUFF KEY', '1272343243', '4.91', '580')
2017-07-01 14:29:40.547 [main] DEBUG a00904649.Bcmc - insert into Inventory values('BMW+R75/5', 'WOODRUFF KEY', '1272343243', '4.91', '580')
2017-07-01 14:29:40.550 [main] DEBUG a00904649.Bcmc - Creating the UI MainFrame
2017-07-01 14:29:40.581 [AWT-EventQueue-0] DEBUG a00904649.Bcmc - Setting the Look & Feel
2017-07-01 14:29:46.647 [AWT-EventQueue-0] INFO  a00904649.ui.UIController - Customers menu list clicked and info message displayed
2017-07-01 14:29:48.247 [AWT-EventQueue-0] INFO  a00904649.ui.UIController - Service menu list clicked and info message displayed
2017-07-01 14:29:50.871 [AWT-EventQueue-0] INFO  a00904649.ui.UIController - By description menu item pressed.
2017-07-01 14:29:50.871 [AWT-EventQueue-0] DEBUG a00904649.Bcmc - SELECT * FROM Inventory
2017-07-01 14:29:50.876 [AWT-EventQueue-0] INFO  a00904649.ui.UIController - Inventory data sorted by Description
2017-07-01 14:29:50.877 [AWT-EventQueue-0] INFO  a00904649.Bcmc - Inventory report Dialog created
2017-07-01 14:29:50.950 [AWT-EventQueue-0] INFO  a00904649.Bcmc - Eventhandlers for InventoryReportDialog added
2017-07-01 14:29:50.950 [AWT-EventQueue-0] INFO  a00904649.Bcmc - data setted for InventoryReportDialog
2017-07-01 14:29:50.950 [AWT-EventQueue-0] DEBUG a00904649.Bcmc - Setting the inventory items
2017-07-01 14:29:52.249 [AWT-EventQueue-0] INFO  a00904649.Bcmc - data setted for InventoryReportDialog
2017-07-01 14:29:52.249 [AWT-EventQueue-0] DEBUG a00904649.Bcmc - Setting the inventory items
2017-07-01 14:29:52.846 [AWT-EventQueue-0] INFO  a00904649.Bcmc - data setted for InventoryReportDialog
2017-07-01 14:29:52.846 [AWT-EventQueue-0] DEBUG a00904649.Bcmc - Setting the inventory items
2017-07-01 14:29:53.334 [AWT-EventQueue-0] INFO  a00904649.Bcmc - data setted for InventoryReportDialog
2017-07-01 14:29:53.334 [AWT-EventQueue-0] DEBUG a00904649.Bcmc - Setting the inventory items
2017-07-01 14:29:56.071 [AWT-EventQueue-0] INFO  a00904649.ui.UIController - By count menu item pressed.
2017-07-01 14:29:56.071 [AWT-EventQueue-0] DEBUG a00904649.Bcmc - SELECT * FROM Inventory
2017-07-01 14:29:56.074 [AWT-EventQueue-0] INFO  a00904649.ui.UIController - Inventory data sorted by Count
2017-07-01 14:29:56.074 [AWT-EventQueue-0] INFO  a00904649.Bcmc - Inventory report Dialog created
2017-07-01 14:29:56.077 [AWT-EventQueue-0] INFO  a00904649.Bcmc - Eventhandlers for InventoryReportDialog added
2017-07-01 14:29:56.077 [AWT-EventQueue-0] INFO  a00904649.Bcmc - data setted for InventoryReportDialog
2017-07-01 14:29:56.077 [AWT-EventQueue-0] DEBUG a00904649.Bcmc - Setting the inventory items
2017-07-01 14:29:57.722 [AWT-EventQueue-0] INFO  a00904649.Bcmc - data setted for InventoryReportDialog
2017-07-01 14:29:57.723 [AWT-EventQueue-0] DEBUG a00904649.Bcmc - Setting the inventory items
2017-07-01 14:29:58.730 [AWT-EventQueue-0] INFO  a00904649.Bcmc - data setted for InventoryReportDialog
2017-07-01 14:29:58.730 [AWT-EventQueue-0] DEBUG a00904649.Bcmc - Setting the inventory items
2017-07-01 14:30:01.793 [AWT-EventQueue-0] INFO  a00904649.ui.UIController - Make menu item pressed.
2017-07-01 14:30:04.282 [AWT-EventQueue-0] DEBUG a00904649.Bcmc - SELECT * FROM Inventory
2017-07-01 14:30:04.284 [AWT-EventQueue-0] INFO  a00904649.ui.UIController - no items matching with provided make name. all inventory item list displayed
2017-07-01 14:30:04.284 [AWT-EventQueue-0] INFO  a00904649.ui.UIController - Inventory data filtered. only HONDA's product displayed
2017-07-01 14:30:04.285 [AWT-EventQueue-0] INFO  a00904649.Bcmc - Inventory report Dialog created
2017-07-01 14:30:04.287 [AWT-EventQueue-0] INFO  a00904649.Bcmc - Eventhandlers for InventoryReportDialog added
2017-07-01 14:30:04.287 [AWT-EventQueue-0] INFO  a00904649.Bcmc - data setted for InventoryReportDialog
2017-07-01 14:30:04.287 [AWT-EventQueue-0] DEBUG a00904649.Bcmc - Setting the inventory items
2017-07-01 14:30:05.729 [AWT-EventQueue-0] INFO  a00904649.Bcmc - data setted for InventoryReportDialog
2017-07-01 14:30:05.730 [AWT-EventQueue-0] DEBUG a00904649.Bcmc - Setting the inventory items
2017-07-01 14:30:08.406 [AWT-EventQueue-0] INFO  a00904649.Bcmc - InventoryListDialog created
2017-07-01 14:30:08.410 [AWT-EventQueue-0] DEBUG a00904649.Bcmc - SELECT * FROM Inventory
2017-07-01 14:30:08.412 [AWT-EventQueue-0] DEBUG a00904649.Bcmc - InventoryListModel add item Triumph+Tiger ASA-BOLT 7129907049 2.25 19
2017-07-01 14:30:08.412 [AWT-EventQueue-0] DEBUG a00904649.Bcmc - InventoryListModel add item Yamaha+Bolt ASA-BOLT 7129907050 2.25 802
2017-07-01 14:30:08.412 [AWT-EventQueue-0] DEBUG a00904649.Bcmc - InventoryListModel add item Honda+CB1100 BALANCE ROD WITH ROCKER 1277702426 666.03 0
2017-07-01 14:30:08.412 [AWT-EventQueue-0] DEBUG a00904649.Bcmc - InventoryListModel add item BMW+R75/5 BALL PIN 7147202359 3.49 20
2017-07-01 14:30:08.412 [AWT-EventQueue-0] DEBUG a00904649.Bcmc - InventoryListModel add item Triumph+Tiger BEARING SHELL 1277690501 40.95 18
2017-07-01 14:30:08.412 [AWT-EventQueue-0] DEBUG a00904649.Bcmc - InventoryListModel add item Harley Davidson+Sportster BELT PULLEY 7727706466 512.92 1
2017-07-01 14:30:08.412 [AWT-EventQueue-0] DEBUG a00904649.Bcmc - InventoryListModel add item Honda+CB1100 BELT WHEEL, REAR 7727678299 569.65 2
2017-07-01 14:30:08.412 [AWT-EventQueue-0] DEBUG a00904649.Bcmc - InventoryListModel add item Suzuki+V-Strom BELTGUARD BOTTOM INT 6628526813 41.52 6
2017-07-01 14:30:08.412 [AWT-EventQueue-0] DEBUG a00904649.Bcmc - InventoryListModel add item Yamaha+Bolt BELTGUARD, BOTTOM EXT 6628526814 25.64 59
2017-07-01 14:30:08.412 [AWT-EventQueue-0] DEBUG a00904649.Bcmc - InventoryListModel add item Ducati+Monster 696 BELTGUARD, TOP EXTERIOR 7727686588 27.73 39
2017-07-01 14:30:08.413 [AWT-EventQueue-0] DEBUG a00904649.Bcmc - InventoryListModel add item Harley Davidson+Sportster BINDING HEAD SCREW 6627711971 1.59 1038
2017-07-01 14:30:08.413 [AWT-EventQueue-0] DEBUG a00904649.Bcmc - InventoryListModel add item Triumph+Tiger BOLT 1277722182 89.54 10
2017-07-01 14:30:08.413 [AWT-EventQueue-0] DEBUG a00904649.Bcmc - InventoryListModel add item Ducati+Monster 696 BOWDEN CAB ADJUSTMENT SCREW 32727678100 18.31 20
2017-07-01 14:30:08.413 [AWT-EventQueue-0] DEBUG a00904649.Bcmc - InventoryListModel add item Harley Davidson+Sportster BRACKET 1427653150 40.95 48
2017-07-01 14:30:08.413 [AWT-EventQueue-0] DEBUG a00904649.Bcmc - InventoryListModel add item BMW+R75/5 BRACKET, GENERATOR REGULATOR 1317690871 28.62 34
2017-07-01 14:30:08.413 [AWT-EventQueue-0] DEBUG a00904649.Bcmc - InventoryListModel add item Honda+CB1100 BULB 3217169203 5.15 114
2017-07-01 14:30:08.413 [AWT-EventQueue-0] DEBUG a00904649.Bcmc - InventoryListModel add item Ducati+Monster 696 BUSHING 3417680761 9.32 201
2017-07-01 14:30:08.413 [AWT-EventQueue-0] DEBUG a00904649.Bcmc - InventoryListModel add item Yamaha+Bolt CIRCLIP 7119901545 2.09 600
2017-07-01 14:30:08.413 [AWT-EventQueue-0] DEBUG a00904649.Bcmc - InventoryListModel add item Ducati+Monster 696 CLAMP WITH MIRROR MOUNT 32728533246 30.02 44
2017-07-01 14:30:08.413 [AWT-EventQueue-0] DEBUG a00904649.Bcmc - InventoryListModel add item Triumph+Tiger CLIP NUT 1127070202 1.11 257
2017-07-01 14:30:08.413 [AWT-EventQueue-0] DEBUG a00904649.Bcmc - InventoryListModel add item BMW+R75/5 CLUTCH LEVER 32727705606 99.72 17
2017-07-01 14:30:08.413 [AWT-EventQueue-0] DEBUG a00904649.Bcmc - InventoryListModel add item Ducati+Monster 696 CLUTCH LEVER ASSEMBLY, ADJUS 32728523463 193.37 7
2017-07-01 14:30:08.413 [AWT-EventQueue-0] DEBUG a00904649.Bcmc - InventoryListModel add item BMW+R75/5 COLLAR BUSH 6717700591 13.85 19
2017-07-01 14:30:08.413 [AWT-EventQueue-0] DEBUG a00904649.Bcmc - InventoryListModel add item Yamaha+Bolt COLLAR SCREW 7727689584 7.26 4
2017-07-01 14:30:08.413 [AWT-EventQueue-0] DEBUG a00904649.Bcmc - InventoryListModel add item Suzuki+V-Strom CONNECTING ROD BEARING 1247690500 32.75 73
2017-07-01 14:30:08.413 [AWT-EventQueue-0] DEBUG a00904649.Bcmc - InventoryListModel add item Yamaha+Bolt CONNECTING ROD BOLT 1277688360 17.81 82
2017-07-01 14:30:08.413 [AWT-EventQueue-0] DEBUG a00904649.Bcmc - InventoryListModel add item Suzuki+V-Strom CONNECTING ROD BOLT 1247688359 15.76 167
2017-07-01 14:30:08.413 [AWT-EventQueue-0] DEBUG a00904649.Bcmc - InventoryListModel add item Triumph+Tiger CONNECTING ROD WITH BUSHING 1248542008 178.35 6
2017-07-01 14:30:08.413 [AWT-EventQueue-0] DEBUG a00904649.Bcmc - InventoryListModel add item Suzuki+V-Strom CONNECTION CABLE 1127699594 16.31 26
2017-07-01 14:30:08.413 [AWT-EventQueue-0] DEBUG a00904649.Bcmc - InventoryListModel add item Honda+CB1100 COUNTER NUT 32727678101 7.15 15
2017-07-01 14:30:08.414 [AWT-EventQueue-0] DEBUG a00904649.Bcmc - InventoryListModel add item Triumph+Tiger COUNTERSUNK HEAD SCREW 32727673989 5.34 262
2017-07-01 14:30:08.414 [AWT-EventQueue-0] DEBUG a00904649.Bcmc - InventoryListModel add item Yamaha+Bolt COVER FOR FUEL PUMP 6147693055 28.64 36
2017-07-01 14:30:08.414 [AWT-EventQueue-0] DEBUG a00904649.Bcmc - InventoryListModel add item Harley Davidson+Sportster FEED PIPE 6147708313 41.22 10
2017-07-01 14:30:08.414 [AWT-EventQueue-0] DEBUG a00904649.Bcmc - InventoryListModel add item BMW+R75/5 FILLISTER HEAD SCREW 1117653180 2.57 1134
2017-07-01 14:30:08.414 [AWT-EventQueue-0] DEBUG a00904649.Bcmc - InventoryListModel add item Triumph+Tiger FILLISTER-HEAD SCREW 32722333066 3.14 248
2017-07-01 14:30:08.414 [AWT-EventQueue-0] DEBUG a00904649.Bcmc - InventoryListModel add item Honda+CB1100 FLAT NUT 6637659955 2.45 583
2017-07-01 14:30:08.414 [AWT-EventQueue-0] DEBUG a00904649.Bcmc - InventoryListModel add item Ducati+Monster 696 FOOTPEG PLATE RIGHT 6718534960 319.95 5
2017-07-01 14:30:08.414 [AWT-EventQueue-0] DEBUG a00904649.Bcmc - InventoryListModel add item Suzuki+V-Strom FOOTREST PLATE LEFT 6718534959 331.18 7
2017-07-01 14:30:08.414 [AWT-EventQueue-0] DEBUG a00904649.Bcmc - InventoryListModel add item BMW+R75/5 FOOTREST, LEFT 6717700913 80.31 13
2017-07-01 14:30:08.414 [AWT-EventQueue-0] DEBUG a00904649.Bcmc - InventoryListModel add item Honda+CB1100 FOOTREST, RIGHT 6717700914 80.31 1
2017-07-01 14:30:08.414 [AWT-EventQueue-0] DEBUG a00904649.Bcmc - InventoryListModel add item Suzuki+V-Strom FUEL PUMP UNIT WITH LEVER SE 6147723935 504.35 1
2017-07-01 14:30:08.414 [AWT-EventQueue-0] DEBUG a00904649.Bcmc - InventoryListModel add item BMW+R75/5 FUEL PUMP, ELECTRONIC 6148523262 192.86 8
2017-07-01 14:30:08.414 [AWT-EventQueue-0] DEBUG a00904649.Bcmc - InventoryListModel add item Suzuki+V-Strom GASKET 6117677883 11.23 15
2017-07-01 14:30:08.414 [AWT-EventQueue-0] DEBUG a00904649.Bcmc - InventoryListModel add item Triumph+Tiger HEAT EXCHANGER, BLACK 1538524136 195.02 1
2017-07-01 14:30:08.414 [AWT-EventQueue-0] DEBUG a00904649.Bcmc - InventoryListModel add item Honda+CB1100 HEX NUT 7119904920 2.37 465
2017-07-01 14:30:08.414 [AWT-EventQueue-0] DEBUG a00904649.Bcmc - InventoryListModel add item Harley Davidson+Sportster HOSE 7217686971 7.79 279
2017-07-01 14:30:08.414 [AWT-EventQueue-0] DEBUG a00904649.Bcmc - InventoryListModel add item Harley Davidson+Sportster HOSE CLAMP 1731277848 6.14 264
2017-07-01 14:30:08.414 [AWT-EventQueue-0] DEBUG a00904649.Bcmc - InventoryListModel add item BMW+R75/5 HOSE RUNNING METER 3547709426 35.56 18
2017-07-01 14:30:08.414 [AWT-EventQueue-0] DEBUG a00904649.Bcmc - InventoryListModel add item Suzuki+V-Strom ISA SCREW 7129907374 5.61 198
2017-07-01 14:30:08.415 [AWT-EventQueue-0] DEBUG a00904649.Bcmc - InventoryListModel add item Ducati+Monster 696 ISA SCREW 7129907375 5.02 444
2017-07-01 14:30:08.415 [AWT-EventQueue-0] DEBUG a00904649.Bcmc - InventoryListModel add item Triumph+Tiger ISA SCREW 7129905601 3.53 935
2017-07-01 14:30:08.415 [AWT-EventQueue-0] DEBUG a00904649.Bcmc - InventoryListModel add item Harley Davidson+Sportster ISA SCREW 7129904260 3.44 580
2017-07-01 14:30:08.415 [AWT-EventQueue-0] DEBUG a00904649.Bcmc - InventoryListModel add item Honda+CB1100 ISA SCREW 7129904261 3.44 323
2017-07-01 14:30:08.415 [AWT-EventQueue-0] DEBUG a00904649.Bcmc - InventoryListModel add item Ducati+Monster 696 ISA SCREW 7129906038 3.43 163
2017-07-01 14:30:08.415 [AWT-EventQueue-0] DEBUG a00904649.Bcmc - InventoryListModel add item Yamaha+Bolt ISA SCREW 7129905769 2.63 523
2017-07-01 14:30:08.415 [AWT-EventQueue-0] DEBUG a00904649.Bcmc - InventoryListModel add item BMW+R75/5 ISA SCREW 7129904700 2.48 795
2017-07-01 14:30:08.416 [AWT-EventQueue-0] DEBUG a00904649.Bcmc - InventoryListModel add item BMW+R75/5 ISA SCREW 7129903807 2.27 663
2017-07-01 14:30:08.416 [AWT-EventQueue-0] DEBUG a00904649.Bcmc - InventoryListModel add item Triumph+Tiger ISA SCREW WITH WASHER 7129905537 2.68 281
2017-07-01 14:30:08.416 [AWT-EventQueue-0] DEBUG a00904649.Bcmc - InventoryListModel add item BMW+R75/5 LAMP LENS 3138534351 18.62 44
2017-07-01 14:30:08.416 [AWT-EventQueue-0] DEBUG a00904649.Bcmc - InventoryListModel add item Suzuki+V-Strom LAMP LENS 3138534350 18.61 61
2017-07-01 14:30:08.416 [AWT-EventQueue-0] DEBUG a00904649.Bcmc - InventoryListModel add item Suzuki+V-Strom MICROSWITCH 61317671111 36.42 24
2017-07-01 14:30:08.416 [AWT-EventQueue-0] DEBUG a00904649.Bcmc - InventoryListModel add item Honda+CB1100 NIPPLE 1447687378 37.75 2
2017-07-01 14:30:08.416 [AWT-EventQueue-0] DEBUG a00904649.Bcmc - InventoryListModel add item Yamaha+Bolt O-RING 1447687367 2.18 830
2017-07-01 14:30:08.416 [AWT-EventQueue-0] DEBUG a00904649.Bcmc - InventoryListModel add item Suzuki+V-Strom O-RING 1117694729 1.72 297
2017-07-01 14:30:08.417 [AWT-EventQueue-0] DEBUG a00904649.Bcmc - InventoryListModel add item Harley Davidson+Sportster OIL FILTER, BLACK 1427719357 15.09 175
2017-07-01 14:30:08.417 [AWT-EventQueue-0] DEBUG a00904649.Bcmc - InventoryListModel add item Ducati+Monster 696 OVAL HEAD SCREW 4117672808 2.95 325
2017-07-01 14:30:08.417 [AWT-EventQueue-0] DEBUG a00904649.Bcmc - InventoryListModel add item Suzuki+V-Strom PIN 6717668644 10.51 47
2017-07-01 14:30:08.417 [AWT-EventQueue-0] DEBUG a00904649.Bcmc - InventoryListModel add item Triumph+Tiger PLASTIC BUSH 5417674080 2.14 163
2017-07-01 14:30:08.417 [AWT-EventQueue-0] DEBUG a00904649.Bcmc - InventoryListModel add item Ducati+Monster 696 PREFORMED SEAL 1447687365 8.16 66
2017-07-01 14:30:08.417 [AWT-EventQueue-0] DEBUG a00904649.Bcmc - InventoryListModel add item Ducati+Monster 696 REPAIR KIT FOR JERK DAMPER 7727711036 108.88 9
2017-07-01 14:30:08.417 [AWT-EventQueue-0] DEBUG a00904649.Bcmc - InventoryListModel add item Honda+CB1100 RETAINER SPRING 6717660163 4.08 138
2017-07-01 14:30:08.417 [AWT-EventQueue-0] DEBUG a00904649.Bcmc - InventoryListModel add item Triumph+Tiger RING 1427677987 3.51 291
2017-07-01 14:30:08.417 [AWT-EventQueue-0] DEBUG a00904649.Bcmc - InventoryListModel add item Suzuki+V-Strom ROLL PIN 1412343108 7.44 114
2017-07-01 14:30:08.417 [AWT-EventQueue-0] DEBUG a00904649.Bcmc - InventoryListModel add item Yamaha+Bolt SAFETY CLIP 7119987611 1.82 593
2017-07-01 14:30:08.417 [AWT-EventQueue-0] DEBUG a00904649.Bcmc - InventoryListModel add item Triumph+Tiger SCREW 6147713360 0.99 242
2017-07-01 14:30:08.417 [AWT-EventQueue-0] DEBUG a00904649.Bcmc - InventoryListModel add item Suzuki+V-Strom SCREW CAP 6116760285 10.31 114
2017-07-01 14:30:08.417 [AWT-EventQueue-0] DEBUG a00904649.Bcmc - InventoryListModel add item BMW+R75/5 SCREW PLUG 1447687368 2.72 135
2017-07-01 14:30:08.417 [AWT-EventQueue-0] DEBUG a00904649.Bcmc - InventoryListModel add item Triumph+Tiger SELECTOR ROD 3418522956 47.78 21
2017-07-01 14:30:08.417 [AWT-EventQueue-0] DEBUG a00904649.Bcmc - InventoryListModel add item Ducati+Monster 696 SELF-LOCKING HEX NUT 32727680378 3.78 238
2017-07-01 14:30:08.417 [AWT-EventQueue-0] DEBUG a00904649.Bcmc - InventoryListModel add item BMW+R75/5 SHEET METAL SCREW 7119906189 1.02 686
2017-07-01 14:30:08.417 [AWT-EventQueue-0] DEBUG a00904649.Bcmc - InventoryListModel add item Triumph+Tiger SHIFT LEVER, SILVER 3417688853 169.15 5
2017-07-01 14:30:08.417 [AWT-EventQueue-0] DEBUG a00904649.Bcmc - InventoryListModel add item Suzuki+V-Strom SHIFT LEVER, SILVER 3417689019 83.95 6
2017-07-01 14:30:08.417 [AWT-EventQueue-0] DEBUG a00904649.Bcmc - InventoryListModel add item Honda+CB1100 SLEEVE 32727673990 9.05 53
2017-07-01 14:30:08.417 [AWT-EventQueue-0] DEBUG a00904649.Bcmc - InventoryListModel add item Yamaha+Bolt SLEEVE 1427677988 2.42 40
2017-07-01 14:30:08.417 [AWT-EventQueue-0] DEBUG a00904649.Bcmc - InventoryListModel add item Suzuki+V-Strom SPRING RING SHELL 7127696377 5.09 269
2017-07-01 14:30:08.418 [AWT-EventQueue-0] DEBUG a00904649.Bcmc - InventoryListModel add item Ducati+Monster 696 STEERING DAMPER 1427653149 388.09 5
2017-07-01 14:30:08.418 [AWT-EventQueue-0] DEBUG a00904649.Bcmc - InventoryListModel add item Honda+CB1100 STOPPER 6712330765 8.03 84
2017-07-01 14:30:08.418 [AWT-EventQueue-0] DEBUG a00904649.Bcmc - InventoryListModel add item Yamaha+Bolt STRAINER 6147708314 80.28 5
2017-07-01 14:30:08.418 [AWT-EventQueue-0] DEBUG a00904649.Bcmc - InventoryListModel add item BMW+R75/5 SUPPORTING RING 6141182903 9.87 104
2017-07-01 14:30:08.418 [AWT-EventQueue-0] DEBUG a00904649.Bcmc - InventoryListModel add item Suzuki+V-Strom TOOTH BELT 3838521719 510.12 3
2017-07-01 14:30:08.418 [AWT-EventQueue-0] DEBUG a00904649.Bcmc - InventoryListModel add item Yamaha+Bolt TORX BOLT 2317707433 2.57 646
2017-07-01 14:30:08.418 [AWT-EventQueue-0] DEBUG a00904649.Bcmc - InventoryListModel add item Suzuki+V-Strom TORX BOLT 3007690404 2.14 1465
2017-07-01 14:30:08.418 [AWT-EventQueue-0] DEBUG a00904649.Bcmc - InventoryListModel add item Triumph+Tiger TURN INDICATOR 3138534352 72.05 19
2017-07-01 14:30:08.418 [AWT-EventQueue-0] DEBUG a00904649.Bcmc - InventoryListModel add item Yamaha+Bolt TURN INDICATOR 3138534353 72.05 5
2017-07-01 14:30:08.418 [AWT-EventQueue-0] DEBUG a00904649.Bcmc - InventoryListModel add item Honda+CB1100 VOLTAGE REGULATOR 1312346550 188.76 8
2017-07-01 14:30:08.418 [AWT-EventQueue-0] DEBUG a00904649.Bcmc - InventoryListModel add item Triumph+Tiger WASHER 7727706469 19.85 27
2017-07-01 14:30:08.418 [AWT-EventQueue-0] DEBUG a00904649.Bcmc - InventoryListModel add item Honda+CB1100 WASHER 7119907030 6.95 71
2017-07-01 14:30:08.418 [AWT-EventQueue-0] DEBUG a00904649.Bcmc - InventoryListModel add item Yamaha+Bolt WASHER 7119904164 2.95 380
2017-07-01 14:30:08.418 [AWT-EventQueue-0] DEBUG a00904649.Bcmc - InventoryListModel add item BMW+R75/5 WOODRUFF KEY 1272343243 4.91 580
2017-07-01 14:30:08.418 [AWT-EventQueue-0] INFO  a00904649.Bcmc - Event Handlers add for InventoryListDialog
2017-07-01 14:30:08.438 [AWT-EventQueue-0] DEBUG a00904649.ui.UIController - InventoryListDialog created
2017-07-01 14:30:09.579 [AWT-EventQueue-0] DEBUG a00904649.ui.UIController - Item selected: 12
2017-07-01 14:30:09.581 [AWT-EventQueue-0] INFO  a00904649.ui.InventoryDialog - Inventory Dialog created
2017-07-01 14:30:09.584 [AWT-EventQueue-0] DEBUG a00904649.ui.InventoryDialog - setting the InventoryDialog with Iventory item info
2017-07-01 14:30:10.940 [AWT-EventQueue-0] DEBUG a00904649.ui.UIController - Updating item: 32727678100
2017-07-01 14:30:10.941 [AWT-EventQueue-0] DEBUG a00904649.database.dao.InventoryDao - UPDATE Inventory set motorcycle_id='Ducati+Monster 696', description='BOWDEN CAB ADJUSTMENT SCREW', part_number='32727678100', price='18.31', quantiry='20' WHERE part_number='32727678100'
2017-07-01 14:30:10.941 [AWT-EventQueue-0] DEBUG a00904649.Bcmc - UPDATE Inventory set motorcycle_id='Ducati+Monster 696', description='BOWDEN CAB ADJUSTMENT SCREW', part_number='32727678100', price='18.31', quantiry='20' WHERE part_number='32727678100'
2017-07-01 14:30:10.951 [AWT-EventQueue-0] DEBUG a00904649.Bcmc - InventoryListModel update item Ducati+Monster 696 BOWDEN CAB ADJUSTMENT SCREW 32727678100 18.31 20
2017-07-01 14:30:10.951 [AWT-EventQueue-0] DEBUG a00904649.ui.UIController - Item 32727678100 updated
2017-07-01 14:30:12.069 [AWT-EventQueue-0] DEBUG a00904649.ui.UIController - Item selected: 0
2017-07-01 14:30:12.070 [AWT-EventQueue-0] INFO  a00904649.ui.InventoryDialog - Inventory Dialog created
2017-07-01 14:30:12.072 [AWT-EventQueue-0] DEBUG a00904649.ui.InventoryDialog - setting the InventoryDialog with Iventory item info
2017-07-01 14:30:15.234 [AWT-EventQueue-0] DEBUG a00904649.ui.InventoryDialog - Inventory item info updated
2017-07-01 14:30:15.240 [AWT-EventQueue-0] DEBUG a00904649.ui.UIController - Updating item: 7129907049
2017-07-01 14:30:15.240 [AWT-EventQueue-0] DEBUG a00904649.database.dao.InventoryDao - UPDATE Inventory set motorcycle_id='Triumph+Tiger', description='ASA-BOLT', part_number='7129907049', price='2.25', quantiry='20' WHERE part_number='7129907049'
2017-07-01 14:30:15.240 [AWT-EventQueue-0] DEBUG a00904649.Bcmc - UPDATE Inventory set motorcycle_id='Triumph+Tiger', description='ASA-BOLT', part_number='7129907049', price='2.25', quantiry='20' WHERE part_number='7129907049'
2017-07-01 14:30:15.245 [AWT-EventQueue-0] DEBUG a00904649.Bcmc - InventoryListModel update item Triumph+Tiger ASA-BOLT 7129907049 2.25 20
2017-07-01 14:30:15.245 [AWT-EventQueue-0] DEBUG a00904649.ui.UIController - Item 7129907049 updated
2017-07-01 14:30:16.476 [AWT-EventQueue-0] DEBUG a00904649.ui.UIController - Item selected: 0
2017-07-01 14:30:16.477 [AWT-EventQueue-0] INFO  a00904649.ui.InventoryDialog - Inventory Dialog created
2017-07-01 14:30:16.479 [AWT-EventQueue-0] DEBUG a00904649.ui.InventoryDialog - setting the InventoryDialog with Iventory item info
2017-07-01 14:30:19.640 [AWT-EventQueue-0] DEBUG a00904649.ui.InventoryDialog - Inventory item info updated
2017-07-01 14:30:19.647 [AWT-EventQueue-0] DEBUG a00904649.ui.UIController - Updating item: 11111
2017-07-01 14:30:19.647 [AWT-EventQueue-0] DEBUG a00904649.database.dao.InventoryDao - UPDATE Inventory set motorcycle_id='Triumph+Tiger', description='ASA-BOLT', part_number='11111', price='111.0', quantiry='20' WHERE part_number='11111'
2017-07-01 14:30:19.647 [AWT-EventQueue-0] DEBUG a00904649.Bcmc - UPDATE Inventory set motorcycle_id='Triumph+Tiger', description='ASA-BOLT', part_number='11111', price='111.0', quantiry='20' WHERE part_number='11111'
2017-07-01 14:30:19.793 [AWT-EventQueue-0] DEBUG a00904649.Bcmc - InventoryListModel update item Triumph+Tiger ASA-BOLT 11111 111.0 20
2017-07-01 14:30:19.793 [AWT-EventQueue-0] DEBUG a00904649.ui.UIController - Item 11111 updated
