2017-06-10 11:42:29.789 [main] INFO  a00904649.Lab7 - 2017-06-10T18:42:29.484Z
2017-06-10 11:42:29.835 [main] DEBUG a00904649.Lab7Option - Lab7 Options created
2017-06-10 11:42:29.835 [main] DEBUG a00904649.database.Database - Loading database properties from db.properties
2017-06-10 11:42:29.967 [main] DEBUG a00904649.database.Database - Driver loaded
2017-06-10 11:42:30.452 [main] DEBUG a00904649.database.Database - Database connected
2017-06-10 11:42:30.652 [main] DEBUG a00904649.database.dao.CustomerDao - create table Customer(id VARCHAR(10), fisrtName VARCHAR(20), lastName VARCHAR(20), street VARCHAR(30), city VARCHAR(30), postalCode VARCHAR(10), phone VARCHAR(20), emailAddress VARCHAR(30), joinedDate DATE, primary key (id) )
2017-06-10 11:42:30.652 [main] DEBUG a00904649.database.dao.Dao - create table Customer(id VARCHAR(10), fisrtName VARCHAR(20), lastName VARCHAR(20), street VARCHAR(30), city VARCHAR(30), postalCode VARCHAR(10), phone VARCHAR(20), emailAddress VARCHAR(30), joinedDate DATE, primary key (id) )
2017-06-10 11:42:30.687 [main] DEBUG a00904649.Lab7 - Inserting the customers
2017-06-10 11:42:30.690 [main] DEBUG a00904649.io.CustomerReader - Reading customer data from customers.txt
2017-06-10 11:42:30.705 [main] DEBUG a00904649.io.CustomerReader - Customers with ID 1 created
2017-06-10 11:42:30.705 [main] DEBUG a00904649.io.CustomerReader - Customers with ID 2 created
2017-06-10 11:42:30.705 [main] DEBUG a00904649.io.CustomerReader - Customers with ID 3 created
2017-06-10 11:42:30.705 [main] DEBUG a00904649.io.CustomerReader - Customers with ID 4 created
2017-06-10 11:42:30.705 [main] DEBUG a00904649.io.CustomerReader - Customers with ID 5 created
2017-06-10 11:42:30.705 [main] DEBUG a00904649.io.CustomerReader - Customers were added to ArrayList
2017-06-10 11:42:30.705 [main] DEBUG a00904649.database.dao.CustomerDao - insert into Customer values('1', 'Fred', 'Fish', '5707 Sidley St', 'Burnaby', 'V5J 5E6', '(604) 433-5004', 'fredfish@imperial.net', '2008-03-22')
2017-06-10 11:42:30.705 [main] DEBUG a00904649.database.dao.CustomerDao - insert into Customer values('2', 'Laurie', 'Nash', '2816 Commercial Dr', 'Vancouver', 'V5N 4C6', '(604) 876-0182', 'laurieeenash@modern.com', '2014-08-28')
2017-06-10 11:42:30.721 [main] DEBUG a00904649.database.dao.CustomerDao - insert into Customer values('3', 'Conrad', 'Washington', '13479 King George Blvd', 'Surrey', 'V3T 2T8', '(604) 588-4988', 'cwash@daytona.net', '2011-07-12')
2017-06-10 11:42:30.721 [main] DEBUG a00904649.database.dao.CustomerDao - insert into Customer values('4', 'Jeanette', 'Price', '21000 Westminster Hwy', 'Richmond', 'V6V 2S9', '(604) 276-2552', 'priceizrite@pacific.com', '2015-10-03')
2017-06-10 11:42:30.721 [main] DEBUG a00904649.database.dao.CustomerDao - insert into Customer values('5', 'Mark', 'Chan', '3766 E 1st Ave', 'Burnaby', 'V5C 3V9', '(604) 293-1022', 'mchan@hc.com', '2010-04-01')
2017-06-10 11:42:30.752 [main] INFO  a00904649.CustomerDaoTester - Loaded 5 customer IDs from the database
2017-06-10 11:42:30.762 [main] INFO  a00904649.CustomerDaoTester - Customer IDs: [1, 2, 3, 4, 5]
2017-06-10 11:42:30.762 [main] INFO  a00904649.CustomerDaoTester - 1
2017-06-10 11:42:30.762 [main] INFO  a00904649.database.dao.CustomerDao - SELECT * FROM Customer WHERE id = '1'
2017-06-10 11:42:30.764 [main] INFO  a00904649.CustomerDaoTester - Customer [id=1, firstName=Fish, lastName=Fred, street=5707 Sidley St, city=Burnaby, postalCode=V5J 5E6, phone=(604) 433-5004, emailAddress=fredfish@imperial.net, joinedDate=2008-03-22]
2017-06-10 11:42:30.764 [main] INFO  a00904649.CustomerDaoTester - 2
2017-06-10 11:42:30.764 [main] INFO  a00904649.database.dao.CustomerDao - SELECT * FROM Customer WHERE id = '2'
2017-06-10 11:42:30.764 [main] INFO  a00904649.CustomerDaoTester - Customer [id=2, firstName=Nash, lastName=Laurie, street=2816 Commercial Dr, city=Vancouver, postalCode=V5N 4C6, phone=(604) 876-0182, emailAddress=laurieeenash@modern.com, joinedDate=2014-08-28]
2017-06-10 11:42:30.764 [main] INFO  a00904649.CustomerDaoTester - 3
2017-06-10 11:42:30.764 [main] INFO  a00904649.database.dao.CustomerDao - SELECT * FROM Customer WHERE id = '3'
2017-06-10 11:42:30.764 [main] INFO  a00904649.CustomerDaoTester - Customer [id=3, firstName=Washington, lastName=Conrad, street=13479 King George Blvd, city=Surrey, postalCode=V3T 2T8, phone=(604) 588-4988, emailAddress=cwash@daytona.net, joinedDate=2011-07-12]
2017-06-10 11:42:30.764 [main] INFO  a00904649.CustomerDaoTester - 4
2017-06-10 11:42:30.764 [main] INFO  a00904649.database.dao.CustomerDao - SELECT * FROM Customer WHERE id = '4'
2017-06-10 11:42:30.764 [main] INFO  a00904649.CustomerDaoTester - Customer [id=4, firstName=Price, lastName=Jeanette, street=21000 Westminster Hwy, city=Richmond, postalCode=V6V 2S9, phone=(604) 276-2552, emailAddress=priceizrite@pacific.com, joinedDate=2015-10-03]
2017-06-10 11:42:30.764 [main] INFO  a00904649.CustomerDaoTester - 5
2017-06-10 11:42:30.764 [main] INFO  a00904649.database.dao.CustomerDao - SELECT * FROM Customer WHERE id = '5'
2017-06-10 11:42:30.764 [main] INFO  a00904649.CustomerDaoTester - Customer [id=5, firstName=Chan, lastName=Mark, street=3766 E 1st Ave, city=Burnaby, postalCode=V5C 3V9, phone=(604) 293-1022, emailAddress=mchan@hc.com, joinedDate=2010-04-01]
2017-06-10 11:42:30.764 [main] INFO  a00904649.Lab7 - 2017-06-10T18:42:30.764Z
2017-06-10 11:42:30.764 [main] INFO  a00904649.Lab7 - Duration: 1280 ms
2017-07-03 12:46:38.266 [main] INFO  a00904649.Lab7 - 2017-07-03T19:46:37.945Z
2017-07-03 12:46:38.316 [main] DEBUG a00904649.Lab7Option - Lab7 Options created
2017-07-03 12:46:38.320 [main] DEBUG a00904649.database.Database - Loading database properties from db.properties
2017-07-03 12:46:38.464 [main] DEBUG a00904649.database.Database - Driver loaded
2017-07-03 12:46:38.758 [main] DEBUG a00904649.database.Database - Database connected
2017-07-03 12:46:38.898 [main] DEBUG a00904649.database.Database - Found the target table named: Customer
2017-07-03 12:46:38.939 [main] INFO  a00904649.CustomerDaoTester - Loaded 5 customer IDs from the database
2017-07-03 12:46:38.939 [main] INFO  a00904649.CustomerDaoTester - Customer IDs: [1, 2, 3, 4, 5]
2017-07-03 12:46:38.940 [main] INFO  a00904649.CustomerDaoTester - 1
2017-07-03 12:46:38.940 [main] INFO  a00904649.database.dao.CustomerDao - SELECT * FROM Customer WHERE id = '1'
2017-07-03 12:46:38.957 [main] INFO  a00904649.CustomerDaoTester - Customer [id=1, firstName=Fish, lastName=Fred, street=5707 Sidley St, city=Burnaby, postalCode=V5J 5E6, phone=(604) 433-5004, emailAddress=fredfish@imperial.net, joinedDate=2008-03-22]
2017-07-03 12:46:38.957 [main] INFO  a00904649.CustomerDaoTester - 2
2017-07-03 12:46:38.957 [main] INFO  a00904649.database.dao.CustomerDao - SELECT * FROM Customer WHERE id = '2'
2017-07-03 12:46:38.961 [main] INFO  a00904649.CustomerDaoTester - Customer [id=2, firstName=Nash, lastName=Laurie, street=2816 Commercial Dr, city=Vancouver, postalCode=V5N 4C6, phone=(604) 876-0182, emailAddress=laurieeenash@modern.com, joinedDate=2014-08-28]
2017-07-03 12:46:38.961 [main] INFO  a00904649.CustomerDaoTester - 3
2017-07-03 12:46:38.962 [main] INFO  a00904649.database.dao.CustomerDao - SELECT * FROM Customer WHERE id = '3'
2017-07-03 12:46:38.966 [main] INFO  a00904649.CustomerDaoTester - Customer [id=3, firstName=Washington, lastName=Conrad, street=13479 King George Blvd, city=Surrey, postalCode=V3T 2T8, phone=(604) 588-4988, emailAddress=cwash@daytona.net, joinedDate=2011-07-12]
2017-07-03 12:46:38.966 [main] INFO  a00904649.CustomerDaoTester - 4
2017-07-03 12:46:38.966 [main] INFO  a00904649.database.dao.CustomerDao - SELECT * FROM Customer WHERE id = '4'
2017-07-03 12:46:38.969 [main] INFO  a00904649.CustomerDaoTester - Customer [id=4, firstName=Price, lastName=Jeanette, street=21000 Westminster Hwy, city=Richmond, postalCode=V6V 2S9, phone=(604) 276-2552, emailAddress=priceizrite@pacific.com, joinedDate=2015-10-03]
2017-07-03 12:46:38.969 [main] INFO  a00904649.CustomerDaoTester - 5
2017-07-03 12:46:38.970 [main] INFO  a00904649.database.dao.CustomerDao - SELECT * FROM Customer WHERE id = '5'
2017-07-03 12:46:38.974 [main] INFO  a00904649.CustomerDaoTester - Customer [id=5, firstName=Chan, lastName=Mark, street=3766 E 1st Ave, city=Burnaby, postalCode=V5C 3V9, phone=(604) 293-1022, emailAddress=mchan@hc.com, joinedDate=2010-04-01]
2017-07-03 12:46:38.974 [main] INFO  a00904649.Lab7 - 2017-07-03T19:46:38.974Z
2017-07-03 12:46:38.974 [main] INFO  a00904649.Lab7 - Duration: 1029 ms
2017-10-07 12:18:38.316 [main] INFO  a00904649.Lab7 - 2017-10-07T19:18:37.978Z
2017-10-07 12:18:38.363 [main] DEBUG a00904649.Lab7Option - Lab7 Options created
2017-10-07 12:18:38.365 [main] DEBUG a00904649.database.Database - Loading database properties from db.properties
2017-10-07 12:18:38.485 [main] DEBUG a00904649.database.Database - Driver loaded
2017-10-07 12:18:38.652 [main] DEBUG a00904649.database.Database - Database connected
2017-10-07 12:18:38.825 [main] DEBUG a00904649.database.Database - Found the target table named: Customer
2017-10-07 12:18:38.866 [main] INFO  a00904649.CustomerDaoTester - Loaded 5 customer IDs from the database
2017-10-07 12:18:38.866 [main] INFO  a00904649.CustomerDaoTester - Customer IDs: [1, 2, 3, 4, 5]
2017-10-07 12:18:38.866 [main] INFO  a00904649.CustomerDaoTester - 1
2017-10-07 12:18:38.866 [main] INFO  a00904649.database.dao.CustomerDao - SELECT * FROM Customer WHERE id = '1'
2017-10-07 12:18:38.880 [main] INFO  a00904649.CustomerDaoTester - Customer [id=1, firstName=Fish, lastName=Fred, street=5707 Sidley St, city=Burnaby, postalCode=V5J 5E6, phone=(604) 433-5004, emailAddress=fredfish@imperial.net, joinedDate=2008-03-22]
2017-10-07 12:18:38.880 [main] INFO  a00904649.CustomerDaoTester - 2
2017-10-07 12:18:38.881 [main] INFO  a00904649.database.dao.CustomerDao - SELECT * FROM Customer WHERE id = '2'
2017-10-07 12:18:38.884 [main] INFO  a00904649.CustomerDaoTester - Customer [id=2, firstName=Nash, lastName=Laurie, street=2816 Commercial Dr, city=Vancouver, postalCode=V5N 4C6, phone=(604) 876-0182, emailAddress=laurieeenash@modern.com, joinedDate=2014-08-28]
2017-10-07 12:18:38.884 [main] INFO  a00904649.CustomerDaoTester - 3
2017-10-07 12:18:38.884 [main] INFO  a00904649.database.dao.CustomerDao - SELECT * FROM Customer WHERE id = '3'
2017-10-07 12:18:38.887 [main] INFO  a00904649.CustomerDaoTester - Customer [id=3, firstName=Washington, lastName=Conrad, street=13479 King George Blvd, city=Surrey, postalCode=V3T 2T8, phone=(604) 588-4988, emailAddress=cwash@daytona.net, joinedDate=2011-07-12]
2017-10-07 12:18:38.888 [main] INFO  a00904649.CustomerDaoTester - 4
2017-10-07 12:18:38.888 [main] INFO  a00904649.database.dao.CustomerDao - SELECT * FROM Customer WHERE id = '4'
2017-10-07 12:18:38.891 [main] INFO  a00904649.CustomerDaoTester - Customer [id=4, firstName=Price, lastName=Jeanette, street=21000 Westminster Hwy, city=Richmond, postalCode=V6V 2S9, phone=(604) 276-2552, emailAddress=priceizrite@pacific.com, joinedDate=2015-10-03]
2017-10-07 12:18:38.891 [main] INFO  a00904649.CustomerDaoTester - 5
2017-10-07 12:18:38.891 [main] INFO  a00904649.database.dao.CustomerDao - SELECT * FROM Customer WHERE id = '5'
2017-10-07 12:18:38.894 [main] INFO  a00904649.CustomerDaoTester - Customer [id=5, firstName=Chan, lastName=Mark, street=3766 E 1st Ave, city=Burnaby, postalCode=V5C 3V9, phone=(604) 293-1022, emailAddress=mchan@hc.com, joinedDate=2010-04-01]
2017-10-07 12:18:38.894 [main] INFO  a00904649.Lab7 - 2017-10-07T19:18:38.894Z
2017-10-07 12:18:38.895 [main] INFO  a00904649.Lab7 - Duration: 916 ms
